#
# A fatal error has been detected by the Java Runtime Environment:
#
#  SIGSEGV (0xb) at pc=0x0000000120f01759, pid=16462, tid=771
#
# JRE version: Java(TM) SE Runtime Environment (16.0.1+9) (build 16.0.1+9-24)
# Java VM: Java HotSpot(TM) 64-Bit Server VM (16.0.1+9-24, mixed mode, sharing, tiered, compressed oops, compressed class ptrs, g1 gc, bsd-amd64)
# Problematic frame:
# C  [_uarray.cpython-38-darwin.so+0x3759]  _ZNSt3__116allocator_traitsINS_9allocatorINS_11__hash_nodeINS_17__hash_value_typeINS_12basic_stringIcNS_11char_traitsIcEENS1_IcEEEEN12_GLOBAL__N_115global_backendsEEEPvEEEEE7destroyINS_4pairIKS8_SA_EEEEvRSE_PT_+0x39
#
# No core dump will be written. Core dumps have been disabled. To enable core dumping, try "ulimit -c unlimited" before starting Java again
#
# If you would like to submit a bug report, please visit:
#   https://bugreport.java.com/bugreport/crash.jsp
# The crash happened outside the Java Virtual Machine in native code.
# See problematic frame for where to report the bug.
#

---------------  S U M M A R Y ------------

Command Line: -Dfile.encoding=UTF8 -ea -Xmx1024m 

Host: iMac19,2 x86_64 3600 MHz, 4 cores, 8G, Darwin 20.6.0, macOS 11.5.2 (20G95)
Time: Mon Sep  6 11:18:01 2021 KST elapsed time: 564.357860 seconds (0d 0h 9m 24s)

---------------  T H R E A D  ---------------

Current thread (0x00007fc512844e00):  JavaThread "main" [_thread_in_native, id=259, stack(0x00007ffeed79f000,0x00007ffeee79f000)]

Stack: [0x00007ffeed79f000,0x00007ffeee79f000],  sp=0x00007ffeee79e690,  free space=16381k
Native frames: (J=compiled Java code, A=aot compiled Java code, j=interpreted, Vv=VM code, C=native code)
C  [_uarray.cpython-38-darwin.so+0x3759]  _ZNSt3__116allocator_traitsINS_9allocatorINS_11__hash_nodeINS_17__hash_value_typeINS_12basic_stringIcNS_11char_traitsIcEENS1_IcEEEEN12_GLOBAL__N_115global_backendsEEEPvEEEEE7destroyINS_4pairIKS8_SA_EEEEvRSE_PT_+0x39
C  [_uarray.cpython-38-darwin.so+0x208c]  _ZN12_GLOBAL__N_117clear_all_globalsEP7_objectS1_+0x3c
C  [python3+0x8b8ab]  cfunction_vectorcall_NOARGS+0x5b
C  [python3+0x2e4a9]  PyVectorcall_Call+0x79
C  [python3+0x24aeb2]  atexit_callfuncs+0x82
C  [python3+0x1cb87e]  Py_FinalizeEx+0x4e
C  [python3+0x1f774a]  Py_RunMain+0x2a
C  [python3+0x1f8e11]  pymain_main+0x31
C  [python3+0x1768]  main+0x38
C  [libdyld.dylib+0x15f3d]  start+0x1


siginfo: si_signo: 11 (SIGSEGV), si_code: 0 (unknown), si_addr: 0x0000000000000000

Register to memory mapping:

RAX=0x0000000120f06830: _ZN12_GLOBAL__N_111method_defsE+0x40 in /Users/gimdonghyeon/opt/anaconda3/lib/python3.8/site-packages/scipy/_lib/_uarray/_uarray.cpython-38-darwin.so at 0x0000000120efe000
RBX=0x900007fc511f0002 is an unknown value
RCX=0x0000000120f00050: _ZN12_GLOBAL__N_117clear_all_globalsEP7_objectS1_+0 in /Users/gimdonghyeon/opt/anaconda3/lib/python3.8/site-packages/scipy/_lib/_uarray/_uarray.cpython-38-darwin.so at 0x0000000120efe000
RDX=0x0 is NULL
RSP=0x00007ffeee79e690 is pointing into the stack for thread: 0x00007fc512844e00
RBP=0x00007ffeee79e6b0 is pointing into the stack for thread: 0x00007fc512844e00
RSI=0x0 is NULL
RDI=0x00007fc5163c4310 points into unknown readable memory: 0x20736920656e0005 | 05 00 6e 65 20 69 73 20
R8 =0x00007ffeee79e710 is pointing into the stack for thread: 0x00007fc512844e00
R9 =0x00007fc516c91180 points into unknown readable memory: 0x0000000000000021 | 21 00 00 00 00 00 00 00
R10=0x00007fc51461aea8 points into unknown readable memory: 0xd9e0cf123570397d | 7d 39 70 35 12 cf e0 d9
R11=0x00007fc5158408d0 points into unknown readable memory: 0x7a696c616e69665f | 5f 66 69 6e 61 6c 69 7a
R12=0x0 is NULL
R13=0x00007fc511d1b058 points into unknown readable memory: 0x0000000000000000 | 00 00 00 00 00 00 00 00
R14=0x00007fc5163c4310 points into unknown readable memory: 0x20736920656e0005 | 05 00 6e 65 20 69 73 20
R15=0x7000000000000000 is an unknown value


Registers:
RAX=0x0000000120f06830, RBX=0x900007fc511f0002, RCX=0x0000000120f00050, RDX=0x0000000000000000
RSP=0x00007ffeee79e690, RBP=0x00007ffeee79e6b0, RSI=0x0000000000000000, RDI=0x00007fc5163c4310
R8 =0x00007ffeee79e710, R9 =0x00007fc516c91180, R10=0x00007fc51461aea8, R11=0x00007fc5158408d0
R12=0x0000000000000000, R13=0x00007fc511d1b058, R14=0x00007fc5163c4310, R15=0x7000000000000000
RIP=0x0000000120f01759, EFLAGS=0x0000000000010a02, ERR=0x0000000000000000
  TRAPNO=0x000000000000000d

Top of Stack: (sp=0x00007ffeee79e690)
0x00007ffeee79e690:   0000000120f06830 00007fc5163c4300
0x00007ffeee79e6a0:   7000000000000000 00007fc516b75270
0x00007ffeee79e6b0:   00007ffeee79e6d0 0000000120f0008c
0x00007ffeee79e6c0:   00000001014ec850 0000000000000000
0x00007ffeee79e6d0:   00007ffeee79e6f0 00000001014ec8ab
0x00007ffeee79e6e0:   0000000000000000 00000001014ec850
0x00007ffeee79e6f0:   00007ffeee79e750 000000010148f4a9
0x00007ffeee79e700:   0000000000000000 0000000000000000
0x00007ffeee79e710:   0000000000000000 00007fc511d1b058
0x00007ffeee79e720:   ef18a1ea9d1a001c 00007fc513ca4590
0x00007ffeee79e730:   0000000000000002 0000000000000000
0x00007ffeee79e740:   0000000000000000 0000000000000000
0x00007ffeee79e750:   00007ffeee79e7b0 00000001016abeb2
0x00007ffeee79e760:   0000000000000001 00000001017a1f20
0x00007ffeee79e770:   00007fc511c06aa0 0000000000000000
0x00007ffeee79e780:   ef18a1ea9d1a001c 00007fc511c06aa0
0x00007ffeee79e790:   00007fc512009000 0000000000000000
0x00007ffeee79e7a0:   0000000000000000 0000000000000000
0x00007ffeee79e7b0:   00007ffeee79e7f0 000000010162c87e
0x00007ffeee79e7c0:   ef18a1ea9d1a001c 00007ffeee79e820
0x00007ffeee79e7d0:   0000000000000000 0000000000000000
0x00007ffeee79e7e0:   0000000000000000 0000000000000000
0x00007ffeee79e7f0:   00007ffeee79e810 000000010165874a
0x00007ffeee79e800:   0000000100000000 ef18a1ea9d1a001c
0x00007ffeee79e810:   00007ffeee79e850 0000000101659e11
0x00007ffeee79e820:   0000000000000000 0000000000000000
0x00007ffeee79e830:   0000000000000000 0000000000000000
0x00007ffeee79e840:   ef18a1ea9d1a001c 0000000000000000
0x00007ffeee79e850:   00007ffeee79e890 0000000101462768
0x00007ffeee79e860:   0000000000000000 0000000000000002
0x00007ffeee79e870:   0000000000000001 00007ffeee79e8b0
0x00007ffeee79e880:   0000000000000000 ef18a1ea9d1a001c 

Instructions: (pc=0x0000000120f01759)
0x0000000120f01659:   7d 98 41 f6 c3 01 74 04 49 8b 7d 20 75 29 48 85
0x0000000120f01669:   d2 74 94 31 c0 66 90 41 0f b6 4c 05 11 3a 0c 06
0x0000000120f01679:   75 45 48 ff c0 49 39 c4 75 ed e9 78 ff ff ff 0f
0x0000000120f01689:   1f 84 00 00 00 00 00 48 85 d2 0f 84 67 ff ff ff
0x0000000120f01699:   e8 8e 39 00 00 48 8b 55 c0 4c 8b 5d b8 4c 8b 55
0x0000000120f016a9:   d0 4c 8b 4d b0 4c 8b 45 a8 85 c0 0f 84 46 ff ff
0x0000000120f016b9:   ff 66 0f 1f 44 00 00 49 8b 06 49 89 00 48 8b 05
0x0000000120f016c9:   bb 53 00 00 48 8b 04 d8 48 8b 00 49 89 06 48 8b
0x0000000120f016d9:   05 aa 53 00 00 48 8b 04 d8 4c 89 28 4c 8b 75 c8
0x0000000120f016e9:   e9 85 fe ff ff 4c 89 04 d8 4d 89 e8 49 89 d9 e9
0x0000000120f016f9:   76 fe ff ff 48 83 c4 48 5b 41 5c 41 5d 41 5e 41
0x0000000120f01709:   5f 5d c3 48 8d 3d 3a 44 00 00 e8 68 f7 ff ff 0f
0x0000000120f01719:   1f 84 00 00 00 00 00 55 48 89 e5 41 57 41 56 53
0x0000000120f01729:   50 49 89 fe 4c 8b 7f 28 4d 85 ff 74 45 49 8b 5e
0x0000000120f01739:   30 4c 39 fb 75 1a 4c 89 ff eb 2e 66 2e 0f 1f 84
0x0000000120f01749:   00 00 00 00 00 66 90 48 83 c3 f8 49 39 df 74 15
0x0000000120f01759:   48 8b 7b f8 48 85 ff 74 ee 48 ff 0f 75 e9 e8 4e
0x0000000120f01769:   38 00 00 eb e2 49 8b 7e 28 4d 89 7e 30 e8 6f 38
0x0000000120f01779:   00 00 49 8b 7e 18 48 85 ff 74 0a 48 ff 0f 75 05
0x0000000120f01789:   e8 2c 38 00 00 41 f6 06 01 75 0b 48 83 c4 08 5b
0x0000000120f01799:   41 5e 41 5f 5d c3 49 8b 7e 10 48 83 c4 08 5b 41
0x0000000120f017a9:   5e 41 5f 5d e9 38 38 00 00 48 89 c7 e8 c6 e4 ff
0x0000000120f017b9:   ff 48 89 c7 e8 be e4 ff ff 66 2e 0f 1f 84 00 00
0x0000000120f017c9:   00 00 00 0f 1f 40 00 55 48 89 e5 53 50 48 89 fb
0x0000000120f017d9:   e8 8e 37 00 00 48 8b 7b 50 48 85 ff 74 0a 48 ff
0x0000000120f017e9:   0f 75 05 e8 c9 37 00 00 48 8b 7b 48 48 85 ff 74
0x0000000120f017f9:   0a 48 ff 0f 75 05 e8 b6 37 00 00 48 8b 7b 40 48
0x0000000120f01809:   85 ff 74 0a 48 ff 0f 75 05 e8 a3 37 00 00 48 8b
0x0000000120f01819:   7b 38 48 85 ff 74 0a 48 ff 0f 75 05 e8 90 37 00
0x0000000120f01829:   00 f6 43 20 01 74 09 48 8b 7b 30 e8 b1 37 00 00
0x0000000120f01839:   48 8b 7b 18 48 85 ff 74 0a 48 ff 0f 75 05 e8 6e
0x0000000120f01849:   37 00 00 48 8b 7b 10 48 85 ff 74 0a 48 ff 0f 75 


Stack slot to memory mapping:
stack at sp + 0 slots: 0x0000000120f06830: _ZN12_GLOBAL__N_111method_defsE+0x40 in /Users/gimdonghyeon/opt/anaconda3/lib/python3.8/site-packages/scipy/_lib/_uarray/_uarray.cpython-38-darwin.so at 0x0000000120efe000
stack at sp + 1 slots: 0x00007fc5163c4300 points into unknown readable memory: 0x7000000000000000 | 00 00 00 00 00 00 00 70
stack at sp + 2 slots: 0x7000000000000000 is an unknown value
stack at sp + 3 slots: 0x00007fc516b75270 points into unknown readable memory: 0x0000000000000003 | 03 00 00 00 00 00 00 00
stack at sp + 4 slots: 0x00007ffeee79e6d0 is pointing into the stack for thread: 0x00007fc512844e00
stack at sp + 5 slots: 0x0000000120f0008c: _ZN12_GLOBAL__N_117clear_all_globalsEP7_objectS1_+0x3c in /Users/gimdonghyeon/opt/anaconda3/lib/python3.8/site-packages/scipy/_lib/_uarray/_uarray.cpython-38-darwin.so at 0x0000000120efe000
stack at sp + 6 slots: 0x00000001014ec850: cfunction_vectorcall_NOARGS+0 in /Users/gimdonghyeon/opt/anaconda3/bin/python3 at 0x0000000101461000
stack at sp + 7 slots: 0x0 is NULL


---------------  P R O C E S S  ---------------

Threads class SMR info:
_java_thread_list=0x00007fc4fc107830, length=12, elements={
0x00007fc512844e00, 0x00007fc514253600, 0x00007fc514255e00, 0x00007fc514253c00,
0x00007fc5130cfa00, 0x00007fc5130c6000, 0x00007fc512845a00, 0x00007fc5120b2c00,
0x00007fc514254e00, 0x00007fc5130e4e00, 0x00007fc514255400, 0x00007fc514384600
}

Java Threads: ( => current thread )
=>0x00007fc512844e00 JavaThread "main" [_thread_in_native, id=259, stack(0x00007ffeed79f000,0x00007ffeee79f000)]
  0x00007fc514253600 JavaThread "Reference Handler" daemon [_thread_blocked, id=14083, stack(0x000070000ad8d000,0x000070000ae8d000)]
  0x00007fc514255e00 JavaThread "Finalizer" daemon [_thread_blocked, id=14595, stack(0x000070000ae90000,0x000070000af90000)]
  0x00007fc514253c00 JavaThread "Signal Dispatcher" daemon [_thread_blocked, id=16387, stack(0x000070000b11c000,0x000070000b21c000)]
  0x00007fc5130cfa00 JavaThread "Service Thread" daemon [_thread_blocked, id=16899, stack(0x000070000b21f000,0x000070000b31f000)]
  0x00007fc5130c6000 JavaThread "Monitor Deflation Thread" daemon [_thread_blocked, id=21763, stack(0x000070000b322000,0x000070000b422000)]
  0x00007fc512845a00 JavaThread "C2 CompilerThread0" daemon [_thread_blocked, id=22019, stack(0x000070000b425000,0x000070000b525000)]
  0x00007fc5120b2c00 JavaThread "C1 CompilerThread0" daemon [_thread_blocked, id=42755, stack(0x000070000b528000,0x000070000b628000)]
  0x00007fc514254e00 JavaThread "Sweeper thread" daemon [_thread_blocked, id=42243, stack(0x000070000b62b000,0x000070000b72b000)]
  0x00007fc5130e4e00 JavaThread "Notification Thread" daemon [_thread_blocked, id=41731, stack(0x000070000b72e000,0x000070000b82e000)]
  0x00007fc514255400 JavaThread "Common-Cleaner" daemon [_thread_blocked, id=22275, stack(0x000070000b934000,0x000070000ba34000)]
  0x00007fc514384600 JavaThread "SIGINT handler" daemon [_thread_blocked, id=15371, stack(0x000070000af93000,0x000070000b093000)]

Other Threads:
  0x00007fc514dd8940 VMThread "VM Thread" [stack: 0x000070000ac8a000,0x000070000ad8a000] [id=19203]
  0x00007fc514db4100 GCTaskThread "GC Thread#0" [stack: 0x000070000a77b000,0x000070000a87b000] [id=21251]
  0x00007fc511c94d90 GCTaskThread "GC Thread#1" [stack: 0x000070000bb3a000,0x000070000bc3a000] [id=23043]
  0x00007fc511c957d0 GCTaskThread "GC Thread#2" [stack: 0x000070000bc3d000,0x000070000bd3d000] [id=23299]
  0x00007fc514db5070 ConcurrentGCThread "G1 Main Marker" terminated
  0x00007fc514db5f80 ConcurrentGCThread "G1 Conc#0" [stack: 0x000070000a981000,0x000070000aa81000] [id=12291]
  0x00007fc514dd17c0 ConcurrentGCThread "G1 Refine#0" terminated
  0x00007fc514dd2690 ConcurrentGCThread "G1 Service" terminated

Threads with active compile tasks:
C1 CompilerThread0  
[error occurred during error reporting (printing all threads), id 0xb, SIGSEGV (0xb) at pc=0x0000000104d22962]

VM state: at safepoint (shutting down)

VM Mutex/Monitor currently owned by a thread:  ([mutex/lock_event])
[0x00007fc514da0640] Threads_lock - owner thread: 0x00007fc514dd8940
[0x00007fc514dab520] Heap_lock - owner thread: 0x00007fc514384600

Heap address: 0x00000007c0000000, size: 1024 MB, Compressed Oops mode: Zero based, Oop shift amount: 3

CDS archive(s) mapped at: [0x0000000800000000-0x0000000800bbb000-0x0000000800bbb000), size 12300288, SharedBaseAddress: 0x0000000800000000, ArchiveRelocationMode: 0.
Compressed class space mapped at: 0x0000000800c00000-0x0000000840c00000, reserved size: 1073741824
Narrow klass base: 0x0000000800000000, Narrow klass shift: 3, Narrow klass range: 0x100000000

GC Precious Log:
 CPUs: 4 total, 4 available
 Memory: 8192M
 Large Page Support: Disabled
 NUMA Support: Disabled
 Compressed Oops: Enabled (Zero based)
 Heap Region Size: 1M
 Heap Min Capacity: 8M
 Heap Initial Capacity: 128M
 Heap Max Capacity: 1G
 Pre-touch: Disabled
 Parallel Workers: 4
 Concurrent Workers: 1
 Concurrent Refinement Workers: 4
 Periodic GC: Disabled

Heap:
 garbage-first heap   total 27648K, used 5933K [0x00000007c0000000, 0x0000000800000000)
  region size 1024K, 1 young (1024K), 0 survivors (0K)
 Metaspace       used 2183K, committed 2304K, reserved 1056768K
  class space    used 189K, committed 256K, reserved 1048576K

Heap Regions: E=young(eden), S=young(survivor), O=old, HS=humongous(starts), HC=humongous(continues), CS=collection set, F=free, OA=open archive, CA=closed archive, TAMS=top-at-mark-start (previous, next)
|   0|0x00000007c0000000, 0x00000007c0100000, 0x00000007c0100000|100%| O|  |TAMS 0x00000007c0000000, 0x00000007c0000000| Untracked 
|   1|0x00000007c0100000, 0x00000007c0200000, 0x00000007c0200000|100%| O|  |TAMS 0x00000007c0100000, 0x00000007c0100000| Untracked 
|   2|0x00000007c0200000, 0x00000007c02ffff8, 0x00000007c0300000| 99%| O|  |TAMS 0x00000007c0200000, 0x00000007c0200000| Untracked 
|   3|0x00000007c0300000, 0x00000007c03ffff0, 0x00000007c0400000| 99%| O|  |TAMS 0x00000007c0300000, 0x00000007c0300000| Untracked 
|   4|0x00000007c0400000, 0x00000007c0494fe0, 0x00000007c0500000| 58%| O|  |TAMS 0x00000007c0400000, 0x00000007c0400000| Untracked 
|   5|0x00000007c0500000, 0x00000007c0544778, 0x00000007c0600000| 26%| O|  |TAMS 0x00000007c0500000, 0x00000007c0500000| Untracked 
|   6|0x00000007c0600000, 0x00000007c0600000, 0x00000007c0700000|  0%| F|  |TAMS 0x00000007c0600000, 0x00000007c0600000| Untracked 
|   7|0x00000007c0700000, 0x00000007c0700000, 0x00000007c0800000|  0%| F|  |TAMS 0x00000007c0700000, 0x00000007c0700000| Untracked 
|   8|0x00000007c0800000, 0x00000007c0800000, 0x00000007c0900000|  0%| F|  |TAMS 0x00000007c0800000, 0x00000007c0800000| Untracked 
|   9|0x00000007c0900000, 0x00000007c0900000, 0x00000007c0a00000|  0%| F|  |TAMS 0x00000007c0900000, 0x00000007c0900000| Untracked 
|  10|0x00000007c0a00000, 0x00000007c0a00000, 0x00000007c0b00000|  0%| F|  |TAMS 0x00000007c0a00000, 0x00000007c0a00000| Untracked 
|  11|0x00000007c0b00000, 0x00000007c0b00000, 0x00000007c0c00000|  0%| F|  |TAMS 0x00000007c0b00000, 0x00000007c0b00000| Untracked 
|  12|0x00000007c0c00000, 0x00000007c0c00000, 0x00000007c0d00000|  0%| F|  |TAMS 0x00000007c0c00000, 0x00000007c0c00000| Untracked 
|  13|0x00000007c0d00000, 0x00000007c0d00000, 0x00000007c0e00000|  0%| F|  |TAMS 0x00000007c0d00000, 0x00000007c0d00000| Untracked 
|  14|0x00000007c0e00000, 0x00000007c0e00000, 0x00000007c0f00000|  0%| F|  |TAMS 0x00000007c0e00000, 0x00000007c0e00000| Untracked 
|  15|0x00000007c0f00000, 0x00000007c0f00000, 0x00000007c1000000|  0%| F|  |TAMS 0x00000007c0f00000, 0x00000007c0f00000| Untracked 
|  16|0x00000007c1000000, 0x00000007c1000000, 0x00000007c1100000|  0%| F|  |TAMS 0x00000007c1000000, 0x00000007c1000000| Untracked 
|  17|0x00000007c1100000, 0x00000007c1100000, 0x00000007c1200000|  0%| F|  |TAMS 0x00000007c1100000, 0x00000007c1100000| Untracked 
|  18|0x00000007c1200000, 0x00000007c1200000, 0x00000007c1300000|  0%| F|  |TAMS 0x00000007c1200000, 0x00000007c1200000| Untracked 
|  19|0x00000007c1300000, 0x00000007c1300000, 0x00000007c1400000|  0%| F|  |TAMS 0x00000007c1300000, 0x00000007c1300000| Untracked 
|  20|0x00000007c1400000, 0x00000007c1400000, 0x00000007c1500000|  0%| F|  |TAMS 0x00000007c1400000, 0x00000007c1400000| Untracked 
|  21|0x00000007c1500000, 0x00000007c1500000, 0x00000007c1600000|  0%| F|  |TAMS 0x00000007c1500000, 0x00000007c1500000| Untracked 
|  22|0x00000007c1600000, 0x00000007c1600000, 0x00000007c1700000|  0%| F|  |TAMS 0x00000007c1600000, 0x00000007c1600000| Untracked 
|  23|0x00000007c1700000, 0x00000007c1700000, 0x00000007c1800000|  0%| F|  |TAMS 0x00000007c1700000, 0x00000007c1700000| Untracked 
|  24|0x00000007c1800000, 0x00000007c18bb510, 0x00000007c1900000| 73%| E|  |TAMS 0x00000007c1800000, 0x00000007c1800000| Complete 
|1022|0x00000007ffe00000, 0x00000007ffe75000, 0x00000007fff00000| 45%|OA|  |TAMS 0x00000007ffe75000, 0x00000007ffe00000| Untracked 
|1023|0x00000007fff00000, 0x00000007fff7d000, 0x0000000800000000| 48%|CA|  |TAMS 0x00000007fff7d000, 0x00000007fff00000| Untracked 

Card table byte_map: [0x000000011bf5b000,0x000000011c15b000] _byte_map_base: 0x000000011815b000

Marking Bits (Prev, Next): (CMBitMap*) 0x00007fc5141f0850, (CMBitMap*) 0x00007fc5141f0810
 Prev Bits: [0x000000011d35b000, 0x000000011e35b000)
 Next Bits: [0x000000011c35b000, 0x000000011d35b000)

Polling page: 0x0000000105387000

Metaspace:

Usage:
  Non-class:      1.95 MB used.
      Class:    189.09 KB used.
       Both:      2.13 MB used.

Virtual space:
  Non-class space:        8.00 MB reserved,       2.00 MB ( 25%) committed,  1 nodes.
      Class space:        1.00 GB reserved,     256.00 KB ( <1%) committed,  1 nodes.
              Both:        1.01 GB reserved,       2.25 MB ( <1%) committed. 

Chunk freelists:
   Non-Class:  3.77 MB
       Class:  3.72 MB
        Both:  7.49 MB

MaxMetaspaceSize: 17179869184.00 GB
CompressedClassSpaceSize: 1.00 GB
 - commit_granule_bytes: 65536.
 - commit_granule_words: 8192.
 - virtual_space_node_default_size: 1048576.
 - enlarge_chunks_in_place: 1.
 - new_chunks_are_fully_committed: 0.
 - uncommit_free_chunks: 1.
 - use_allocation_guard: 0.
 - handle_deallocations: 1.


Internal statistics:

num_allocs_failed_limit: 0.
num_arena_births: 24.
num_arena_deaths: 0.
num_vsnodes_births: 2.
num_vsnodes_deaths: 0.
num_space_committed: 36.
num_space_uncommitted: 0.
num_chunks_returned_to_freelist: 0.
num_chunks_taken_from_freelist: 45.
num_chunk_merges: 0.
num_chunk_splits: 24.
num_chunks_enlarged: 14.
num_purges: 0.

CodeHeap 'non-profiled nmethods': size=120032Kb used=285Kb max_used=285Kb free=119746Kb
 bounds [0x000000011464d000, 0x00000001148bd000, 0x000000011bb85000]
CodeHeap 'profiled nmethods': size=120028Kb used=1209Kb max_used=1209Kb free=118818Kb
 bounds [0x000000010d116000, 0x000000010d386000, 0x000000011464d000]
CodeHeap 'non-nmethods': size=5700Kb used=1119Kb max_used=1166Kb free=4580Kb
 bounds [0x000000010cb85000, 0x000000010cdf5000, 0x000000010d116000]
 total_blobs=1179 nmethods=782 adapters=310
 compilation: enabled
              stopped_count=0, restarted_count=0
 full_count=0

Compilation events (20 events):
Event: 1.745 Thread 0x00007fc512845a00 nmethod 686 0x0000000114691b10 code [0x0000000114691ca0, 0x0000000114692018]
Event: 1.745 Thread 0x00007fc512845a00  687       4       java.lang.StringUTF16::compress (20 bytes)
Event: 1.746 Thread 0x00007fc512845a00 nmethod 687 0x0000000114692190 code [0x0000000114692320, 0x0000000114692578]
Event: 1.746 Thread 0x00007fc512845a00  682       4       java.lang.String::<init> (10 bytes)
Event: 1.748 Thread 0x00007fc512845a00 nmethod 682 0x0000000114692690 code [0x0000000114692820, 0x0000000114692b38]
Event: 1.748 Thread 0x00007fc512845a00  690       4       java.nio.MappedByteBuffer::rewind (5 bytes)
Event: 1.748 Thread 0x00007fc512845a00 nmethod 690 0x0000000114692c90 code [0x0000000114692e00, 0x0000000114692e98]
Event: 1.748 Thread 0x00007fc512845a00  655       4       java.nio.MappedByteBuffer::<init> (22 bytes)
Event: 1.750 Thread 0x00007fc512845a00 nmethod 655 0x0000000114692f90 code [0x0000000114693120, 0x00000001146934f8]
Event: 1.750 Thread 0x00007fc512845a00  736       4       jdk.internal.jrtfs.JrtFileAttributes::isDirectory (8 bytes)
Event: 1.750 Thread 0x00007fc512845a00 nmethod 736 0x0000000114693810 code [0x00000001146939a0, 0x0000000114693a38]
Event: 25.163 Thread 0x00007fc5120b2c00  783       3       java.lang.ref.ReferenceQueue::reallyPoll (65 bytes)
Event: 25.164 Thread 0x00007fc5120b2c00 nmethod 783 0x000000010d243010 code [0x000000010d2431e0, 0x000000010d243730]
Event: 31.981 Thread 0x00007fc5120b2c00  784       1       org.jpype.ref.JPypeReferenceQueue::access$100 (5 bytes)
Event: 31.981 Thread 0x00007fc5120b2c00 nmethod 784 0x0000000114693b10 code [0x0000000114693ca0, 0x0000000114693d50]
Event: 32.233 Thread 0x00007fc5120b2c00  785       1       org.jpype.ref.JPypeReferenceQueue::access$200 (5 bytes)
Event: 32.234 Thread 0x00007fc5120b2c00 nmethod 785 0x0000000114693e10 code [0x0000000114693fa0, 0x0000000114694050]
Event: 56.191 Thread 0x00007fc5120b2c00  786   !   3       java.lang.ref.ReferenceQueue::remove (125 bytes)
Event: 56.192 Thread 0x00007fc5120b2c00 nmethod 786 0x000000010d243810 code [0x000000010d243a40, 0x000000010d2441d0]
Event: 561.473 Thread 0x00007fc5120b2c00  788       3       java.util.HashMap$HashIterator::hasNext (13 bytes)

GC Heap History (20 events):
Event: 1.592 GC heap before
{Heap before GC invocations=5 (full 1):
 garbage-first heap   total 17408K, used 8808K [0x00000007c0000000, 0x0000000800000000)
  region size 1024K, 6 young (6144K), 1 survivors (1024K)
 Metaspace       used 2072K, committed 2240K, reserved 1056768K
  class space    used 179K, committed 256K, reserved 1048576K
}
Event: 1.594 GC heap after
{Heap after GC invocations=6 (full 1):
 garbage-first heap   total 17408K, used 4177K [0x00000007c0000000, 0x0000000800000000)
  region size 1024K, 1 young (1024K), 1 survivors (1024K)
 Metaspace       used 2072K, committed 2240K, reserved 1056768K
  class space    used 179K, committed 256K, reserved 1048576K
}
Event: 1.601 GC heap before
{Heap before GC invocations=6 (full 1):
 garbage-first heap   total 17408K, used 8273K [0x00000007c0000000, 0x0000000800000000)
  region size 1024K, 5 young (5120K), 1 survivors (1024K)
 Metaspace       used 2073K, committed 2240K, reserved 1056768K
  class space    used 179K, committed 256K, reserved 1048576K
}
Event: 1.603 GC heap after
{Heap after GC invocations=7 (full 1):
 garbage-first heap   total 74752K, used 4577K [0x00000007c0000000, 0x0000000800000000)
  region size 1024K, 1 young (1024K), 1 survivors (1024K)
 Metaspace       used 2073K, committed 2240K, reserved 1056768K
  class space    used 179K, committed 256K, reserved 1048576K
}
Event: 1.671 GC heap before
{Heap before GC invocations=7 (full 1):
 garbage-first heap   total 74752K, used 20961K [0x00000007c0000000, 0x0000000800000000)
  region size 1024K, 18 young (18432K), 1 survivors (1024K)
 Metaspace       used 2179K, committed 2304K, reserved 1056768K
  class space    used 187K, committed 256K, reserved 1048576K
}
Event: 1.682 GC heap after
{Heap after GC invocations=8 (full 2):
 garbage-first heap   total 27648K, used 5932K [0x00000007c0000000, 0x0000000800000000)
  region size 1024K, 0 young (0K), 0 survivors (0K)
 Metaspace       used 2179K, committed 2304K, reserved 1056768K
  class space    used 187K, committed 256K, reserved 1048576K
}
Event: 1.691 GC heap before
{Heap before GC invocations=8 (full 2):
 garbage-first heap   total 27648K, used 5932K [0x00000007c0000000, 0x0000000800000000)
  region size 1024K, 1 young (1024K), 0 survivors (0K)
 Metaspace       used 2179K, committed 2304K, reserved 1056768K
  class space    used 187K, committed 256K, reserved 1048576K
}
Event: 1.698 GC heap after
{Heap after GC invocations=9 (full 3):
 garbage-first heap   total 27648K, used 5933K [0x00000007c0000000, 0x0000000800000000)
  region size 1024K, 0 young (0K), 0 survivors (0K)
 Metaspace       used 2179K, committed 2304K, reserved 1056768K
  class space    used 187K, committed 256K, reserved 1048576K
}
Event: 7.196 GC heap before
{Heap before GC invocations=9 (full 3):
 garbage-first heap   total 27648K, used 5933K [0x00000007c0000000, 0x0000000800000000)
  region size 1024K, 1 young (1024K), 0 survivors (0K)
 Metaspace       used 2179K, committed 2304K, reserved 1056768K
  class space    used 187K, committed 256K, reserved 1048576K
}
Event: 7.201 GC heap after
{Heap after GC invocations=10 (full 4):
 garbage-first heap   total 27648K, used 5933K [0x00000007c0000000, 0x0000000800000000)
  region size 1024K, 0 young (0K), 0 survivors (0K)
 Metaspace       used 2179K, committed 2304K, reserved 1056768K
  class space    used 187K, committed 256K, reserved 1048576K
}
Event: 7.219 GC heap before
{Heap before GC invocations=10 (full 4):
 garbage-first heap   total 27648K, used 5933K [0x00000007c0000000, 0x0000000800000000)
  region size 1024K, 1 young (1024K), 0 survivors (0K)
 Metaspace       used 2179K, committed 2304K, reserved 1056768K
  class space    used 187K, committed 256K, reserved 1048576K
}
Event: 7.224 GC heap after
{Heap after GC invocations=11 (full 5):
 garbage-first heap   total 27648K, used 5933K [0x00000007c0000000, 0x0000000800000000)
  region size 1024K, 0 young (0K), 0 survivors (0K)
 Metaspace       used 2179K, committed 2304K, reserved 1056768K
  class space    used 187K, committed 256K, reserved 1048576K
}
Event: 7.240 GC heap before
{Heap before GC invocations=11 (full 5):
 garbage-first heap   total 27648K, used 5933K [0x00000007c0000000, 0x0000000800000000)
  region size 1024K, 1 young (1024K), 0 survivors (0K)
 Metaspace       used 2179K, committed 2304K, reserved 1056768K
  class space    used 187K, committed 256K, reserved 1048576K
}
Event: 7.245 GC heap after
{Heap after GC invocations=12 (full 6):
 garbage-first heap   total 27648K, used 5933K [0x00000007c0000000, 0x0000000800000000)
  region size 1024K, 0 young (0K), 0 survivors (0K)
 Metaspace       used 2179K, committed 2304K, reserved 1056768K
  class space    used 187K, committed 256K, reserved 1048576K
}
Event: 7.957 GC heap before
{Heap before GC invocations=12 (full 6):
 garbage-first heap   total 27648K, used 5933K [0x00000007c0000000, 0x0000000800000000)
  region size 1024K, 1 young (1024K), 0 survivors (0K)
 Metaspace       used 2179K, committed 2304K, reserved 1056768K
  class space    used 187K, committed 256K, reserved 1048576K
}
Event: 7.963 GC heap after
{Heap after GC invocations=13 (full 7):
 garbage-first heap   total 27648K, used 5933K [0x00000007c0000000, 0x0000000800000000)
  region size 1024K, 0 young (0K), 0 survivors (0K)
 Metaspace       used 2179K, committed 2304K, reserved 1056768K
  class space    used 187K, committed 256K, reserved 1048576K
}
Event: 15.725 GC heap before
{Heap before GC invocations=13 (full 7):
 garbage-first heap   total 27648K, used 5933K [0x00000007c0000000, 0x0000000800000000)
  region size 1024K, 1 young (1024K), 0 survivors (0K)
 Metaspace       used 2179K, committed 2304K, reserved 1056768K
  class space    used 187K, committed 256K, reserved 1048576K
}
Event: 15.733 GC heap after
{Heap after GC invocations=14 (full 8):
 garbage-first heap   total 27648K, used 5933K [0x00000007c0000000, 0x0000000800000000)
  region size 1024K, 0 young (0K), 0 survivors (0K)
 Metaspace       used 2179K, committed 2304K, reserved 1056768K
  class space    used 187K, committed 256K, reserved 1048576K
}
Event: 15.783 GC heap before
{Heap before GC invocations=14 (full 8):
 garbage-first heap   total 27648K, used 5933K [0x00000007c0000000, 0x0000000800000000)
  region size 1024K, 1 young (1024K), 0 survivors (0K)
 Metaspace       used 2179K, committed 2304K, reserved 1056768K
  class space    used 187K, committed 256K, reserved 1048576K
}
Event: 15.788 GC heap after
{Heap after GC invocations=15 (full 9):
 garbage-first heap   total 27648K, used 5933K [0x00000007c0000000, 0x0000000800000000)
  region size 1024K, 0 young (0K), 0 survivors (0K)
 Metaspace       used 2179K, committed 2304K, reserved 1056768K
  class space    used 187K, committed 256K, reserved 1048576K
}

Deoptimization events (20 events):
Event: 1.582 Thread 0x00007fc512844e00 Uncommon trap: trap_request=0xffffffbe fr.pc=0x000000011467976c relative=0x000000000000082c
Event: 1.582 Thread 0x00007fc512844e00 Uncommon trap: reason=profile_predicate action=maybe_recompile pc=0x000000011467976c method=jdk.internal.jimage.ImageStringsReader.charsFromByteBuffer([CLjava/nio/ByteBuffer;)V @ 6 c2
Event: 1.582 Thread 0x00007fc512844e00 DEOPT PACKING pc=0x000000011467976c sp=0x00007ffeee79c8f0
Event: 1.582 Thread 0x00007fc512844e00 DEOPT UNPACKING pc=0x000000010cbd2424 sp=0x00007ffeee79c838 mode 2
Event: 1.582 Thread 0x00007fc512844e00 Uncommon trap: trap_request=0xffffffbe fr.pc=0x000000011467976c relative=0x000000000000082c
Event: 1.582 Thread 0x00007fc512844e00 Uncommon trap: reason=profile_predicate action=maybe_recompile pc=0x000000011467976c method=jdk.internal.jimage.ImageStringsReader.charsFromByteBuffer([CLjava/nio/ByteBuffer;)V @ 6 c2
Event: 1.582 Thread 0x00007fc512844e00 DEOPT PACKING pc=0x000000011467976c sp=0x00007ffeee79c8f0
Event: 1.582 Thread 0x00007fc512844e00 DEOPT UNPACKING pc=0x000000010cbd2424 sp=0x00007ffeee79c838 mode 2
Event: 1.582 Thread 0x00007fc512844e00 Uncommon trap: trap_request=0xffffffbe fr.pc=0x000000011467976c relative=0x000000000000082c
Event: 1.582 Thread 0x00007fc512844e00 Uncommon trap: reason=profile_predicate action=maybe_recompile pc=0x000000011467976c method=jdk.internal.jimage.ImageStringsReader.charsFromByteBuffer([CLjava/nio/ByteBuffer;)V @ 6 c2
Event: 1.582 Thread 0x00007fc512844e00 DEOPT PACKING pc=0x000000011467976c sp=0x00007ffeee79c8f0
Event: 1.582 Thread 0x00007fc512844e00 DEOPT UNPACKING pc=0x000000010cbd2424 sp=0x00007ffeee79c838 mode 2
Event: 1.638 Thread 0x00007fc512844e00 Uncommon trap: trap_request=0xffffffbe fr.pc=0x000000011467410c relative=0x00000000000003ec
Event: 1.638 Thread 0x00007fc512844e00 Uncommon trap: reason=profile_predicate action=maybe_recompile pc=0x000000011467410c method=java.lang.StringLatin1.indexOf([BI[BII)I @ 18 c2
Event: 1.638 Thread 0x00007fc512844e00 DEOPT PACKING pc=0x000000011467410c sp=0x00007ffeee79d7f0
Event: 1.638 Thread 0x00007fc512844e00 DEOPT UNPACKING pc=0x000000010cbd2424 sp=0x00007ffeee79d770 mode 2
Event: 1.656 Thread 0x00007fc512844e00 Uncommon trap: trap_request=0xffffffbe fr.pc=0x000000011467410c relative=0x00000000000003ec
Event: 1.656 Thread 0x00007fc512844e00 Uncommon trap: reason=profile_predicate action=maybe_recompile pc=0x000000011467410c method=java.lang.StringLatin1.indexOf([BI[BII)I @ 18 c2
Event: 1.656 Thread 0x00007fc512844e00 DEOPT PACKING pc=0x000000011467410c sp=0x00007ffeee79d700
Event: 1.656 Thread 0x00007fc512844e00 DEOPT UNPACKING pc=0x000000010cbd2424 sp=0x00007ffeee79d680 mode 2

Classes unloaded (0 events):
No events

Classes redefined (0 events):
No events

Internal exceptions (7 events):
Event: 0.859 Thread 0x00007fc512844e00 Exception <a 'java/lang/NoClassDefFoundError'{0x00000007c7fef730}: org/jpype/classloader/DynamicClassLoader> (0x00000007c7fef730) 
thrown [./open/src/hotspot/share/classfile/systemDictionary.cpp, line 245]
Event: 1.174 Thread 0x00007fc512844e00 Exception <a 'java/lang/NoSuchMethodError'{0x00000007c7d4cbf8}: 'java.lang.Object java.lang.invoke.DirectMethodHandle$Holder.invokeInterface(java.lang.Object, java.lang.Object)'> (0x00000007c7d4cbf8) 
thrown [./open/src/hotspot/share/interpreter/linkResolver.cpp, line 790]
Event: 1.174 Thread 0x00007fc512844e00 Exception <a 'java/lang/IncompatibleClassChangeError'{0x00000007c7d50438}: Found class java.lang.Object, but interface was expected> (0x00000007c7d50438) 
thrown [./open/src/hotspot/share/interpreter/linkResolver.cpp, line 857]
Event: 1.346 Thread 0x00007fc512844e00 Exception <a 'java/lang/NoSuchMethodError'{0x00000007c0b66b20}: 'void java.lang.invoke.DirectMethodHandle$Holder.invokeSpecial(java.lang.Object, java.lang.Object, java.lang.Object)'> (0x00000007c0b66b20) 
thrown [./open/src/hotspot/share/interpreter/linkResolver.cpp, line 790]
Event: 1.394 Thread 0x00007fc512844e00 Exception <a 'java/lang/NoSuchMethodError'{0x00000007c0b80fb8}: 'java.lang.Object java.lang.invoke.DirectMethodHandle$Holder.invokeStatic(java.lang.Object)'> (0x00000007c0b80fb8) 
thrown [./open/src/hotspot/share/interpreter/linkResolver.cpp, line 790]
Event: 1.461 Thread 0x00007fc512844e00 Exception <a 'java/lang/NoSuchMethodError'{0x00000007c0b8f8b8}: 'java.lang.Object java.lang.invoke.DirectMethodHandle$Holder.invokeStaticInit(java.lang.Object)'> (0x00000007c0b8f8b8) 
thrown [./open/src/hotspot/share/interpreter/linkResolver.cpp, line 790]
Event: 560.693 Thread 0x00007fc514259e00 Exception <a 'java/lang/InterruptedException'{0x00000007c1800048}> (0x00000007c1800048) 
thrown [./open/src/hotspot/share/runtime/objectMonitor.cpp, line 1705]

Events (20 events):
Event: 7.963 Executing  VM operation: G1CollectFull done
Event: 15.724 Executing  VM operation: G1CollectFull
Event: 15.733 Executing  VM operation: G1CollectFull done
Event: 15.783 Executing  VM operation: G1CollectFull
Event: 15.788 Executing  VM operation: G1CollectFull done
Event: 557.952 loading class jdk/internal/misc/Signal$1
Event: 558.469 loading class jdk/internal/misc/Signal$1 done
Event: 558.732 Thread 0x00007fc514384600 Thread added: 0x00007fc514384600
Event: 558.732 Protecting memory [0x000070000af93000,0x000070000af97000] with protection modes 0
Event: 558.909 Thread 0x00007fc51294d200 Thread added: 0x00007fc51294d200
Event: 558.909 Protecting memory [0x000070000bd40000,0x000070000bd44000] with protection modes 0
Event: 559.141 Executing  VM operation: Cleanup
Event: 559.806 Executing  VM operation: Cleanup done
Event: 559.806 Executing  VM operation: ThreadDump
Event: 560.440 Executing  VM operation: ThreadDump done
Event: 560.850 Protecting memory [0x000070000ba37000,0x000070000ba3b000] with protection modes 3
Event: 560.851 Thread 0x00007fc514259e00 Thread exited: 0x00007fc514259e00
Event: 560.986 Protecting memory [0x000070000bd40000,0x000070000bd44000] with protection modes 3
Event: 560.986 Thread 0x00007fc51294d200 Thread exited: 0x00007fc51294d200
Event: 561.320 Executing  VM operation: Exit


Dynamic libraries:
0x00007fff2a6a4000 	/usr/lib/libSystem.B.dylib
0x00007fff2a69e000 	/usr/lib/system/libcache.dylib
0x00007fff2a65a000 	/usr/lib/system/libcommonCrypto.dylib
0x00007fff2a684000 	/usr/lib/system/libcompiler_rt.dylib
0x00007fff2a679000 	/usr/lib/system/libcopyfile.dylib
0x00007fff20253000 	/usr/lib/system/libcorecrypto.dylib
0x00007fff2031e000 	/usr/lib/system/libdispatch.dylib
0x00007fff204d1000 	/usr/lib/system/libdyld.dylib
0x00007fff2a695000 	/usr/lib/system/libkeymgr.dylib
0x00007fff2daad000 	/usr/lib/system/liblaunch.dylib
0x00007fff2a638000 	/usr/lib/system/libmacho.dylib
0x00007fff29e30000 	/usr/lib/system/libquarantine.dylib
0x00007fff2a692000 	/usr/lib/system/libremovefile.dylib
0x00007fff24d36000 	/usr/lib/system/libsystem_asl.dylib
0x00007fff20203000 	/usr/lib/system/libsystem_blocks.dylib
0x00007fff203a0000 	/usr/lib/system/libsystem_c.dylib
0x00007fff2a68c000 	/usr/lib/system/libsystem_collections.dylib
0x00007fff29136000 	/usr/lib/system/libsystem_configuration.dylib
0x00007fff28422000 	/usr/lib/system/libsystem_containermanager.dylib
0x00007fff2a3db000 	/usr/lib/system/libsystem_coreservices.dylib
0x00007fff22912000 	/usr/lib/system/libsystem_darwin.dylib
0x00007fff2a696000 	/usr/lib/system/libsystem_dnssd.dylib
0x00007fff2039d000 	/usr/lib/system/libsystem_featureflags.dylib
0x00007fff20517000 	/usr/lib/system/libsystem_info.dylib
0x00007fff2a5ef000 	/usr/lib/system/libsystem_m.dylib
0x00007fff202f1000 	/usr/lib/system/libsystem_malloc.dylib
0x00007fff24cc9000 	/usr/lib/system/libsystem_networkextension.dylib
0x00007fff22d31000 	/usr/lib/system/libsystem_notify.dylib
0x00007fff2ff44000 	/usr/lib/system/libsystem_product_info_filter.dylib
0x00007fff2913a000 	/usr/lib/system/libsystem_sandbox.dylib
0x00007fff2a68f000 	/usr/lib/system/libsystem_secinit.dylib
0x00007fff20495000 	/usr/lib/system/libsystem_kernel.dylib
0x00007fff2050d000 	/usr/lib/system/libsystem_platform.dylib
0x00007fff204c5000 	/usr/lib/system/libsystem_pthread.dylib
0x00007fff26413000 	/usr/lib/system/libsystem_symptoms.dylib
0x00007fff2023b000 	/usr/lib/system/libsystem_trace.dylib
0x00007fff2a666000 	/usr/lib/system/libunwind.dylib
0x00007fff20205000 	/usr/lib/system/libxpc.dylib
0x00007fff2047f000 	/usr/lib/libc++abi.dylib
0x00007fff20363000 	/usr/lib/libobjc.A.dylib
0x00007fff2a671000 	/usr/lib/liboah.dylib
0x00007fff20429000 	/usr/lib/libc++.1.dylib
0x00000001018bd000 	/Users/gimdonghyeon/opt/anaconda3/lib/python3.8/lib-dynload/_heapq.cpython-38-darwin.so
0x00000001018c3000 	/Users/gimdonghyeon/opt/anaconda3/lib/python3.8/lib-dynload/_struct.cpython-38-darwin.so
0x00000001018d1000 	/Users/gimdonghyeon/opt/anaconda3/lib/python3.8/lib-dynload/math.cpython-38-darwin.so
0x00000001018e1000 	/Users/gimdonghyeon/opt/anaconda3/lib/python3.8/lib-dynload/_datetime.cpython-38-darwin.so
0x00000001018fc000 	/Users/gimdonghyeon/opt/anaconda3/lib/python3.8/lib-dynload/_socket.cpython-38-darwin.so
0x0000000101912000 	/Users/gimdonghyeon/opt/anaconda3/lib/python3.8/lib-dynload/select.cpython-38-darwin.so
0x000000010191b000 	/Users/gimdonghyeon/opt/anaconda3/lib/python3.8/lib-dynload/binascii.cpython-38-darwin.so
0x0000000101925000 	/Users/gimdonghyeon/opt/anaconda3/lib/libz.1.2.11.dylib
0x000000010193e000 	/Users/gimdonghyeon/opt/anaconda3/lib/python3.8/lib-dynload/_opcode.cpython-38-darwin.so
0x0000000101942000 	/Users/gimdonghyeon/opt/anaconda3/lib/python3.8/lib-dynload/_hashlib.cpython-38-darwin.so
0x000000010194b000 	/Users/gimdonghyeon/opt/anaconda3/lib/libcrypto.1.1.dylib
0x0000000101bbe000 	/Users/gimdonghyeon/opt/anaconda3/lib/python3.8/lib-dynload/_blake2.cpython-38-darwin.so
0x0000000101bcb000 	/Users/gimdonghyeon/opt/anaconda3/lib/python3.8/lib-dynload/_sha3.cpython-38-darwin.so
0x0000000101be1000 	/Users/gimdonghyeon/opt/anaconda3/lib/python3.8/lib-dynload/_decimal.cpython-38-darwin.so
0x0000000101c39000 	/Users/gimdonghyeon/opt/anaconda3/lib/python3.8/lib-dynload/_ssl.cpython-38-darwin.so
0x0000000101c63000 	/Users/gimdonghyeon/opt/anaconda3/lib/libssl.1.1.dylib
0x0000000101ce7000 	/Users/gimdonghyeon/opt/anaconda3/lib/python3.8/lib-dynload/termios.cpython-38-darwin.so
0x0000000101ced000 	/Users/gimdonghyeon/opt/anaconda3/lib/python3.8/lib-dynload/_json.cpython-38-darwin.so
0x0000000101cf9000 	/Users/gimdonghyeon/opt/anaconda3/lib/python3.8/lib-dynload/_posixsubprocess.cpython-38-darwin.so
0x0000000101cff000 	/Users/gimdonghyeon/opt/anaconda3/lib/python3.8/lib-dynload/zlib.cpython-38-darwin.so
0x0000000101d09000 	/Users/gimdonghyeon/opt/anaconda3/lib/python3.8/lib-dynload/_bz2.cpython-38-darwin.so
0x0000000101d22000 	/Users/gimdonghyeon/opt/anaconda3/lib/python3.8/lib-dynload/_lzma.cpython-38-darwin.so
0x0000000101d2c000 	/Users/gimdonghyeon/opt/anaconda3/lib/liblzma.5.dylib
0x0000000101d52000 	/Users/gimdonghyeon/opt/anaconda3/lib/python3.8/lib-dynload/grp.cpython-38-darwin.so
0x0000000101d57000 	/Users/gimdonghyeon/opt/anaconda3/lib/python3.8/lib-dynload/_bisect.cpython-38-darwin.so
0x0000000101d5b000 	/Users/gimdonghyeon/opt/anaconda3/lib/python3.8/lib-dynload/_sha512.cpython-38-darwin.so
0x0000000101d63000 	/Users/gimdonghyeon/opt/anaconda3/lib/python3.8/lib-dynload/_random.cpython-38-darwin.so
0x0000000101d69000 	/Users/gimdonghyeon/opt/anaconda3/lib/python3.8/lib-dynload/_scproxy.cpython-38-darwin.so
0x00007fff21006000 	/System/Library/Frameworks/SystemConfiguration.framework/Versions/A/SystemConfiguration
0x00007fff20543000 	/System/Library/Frameworks/CoreFoundation.framework/Versions/A/CoreFoundation
0x00007fff29e57000 	/usr/lib/libbsm.0.dylib
0x00007fff241a3000 	/usr/lib/libnetwork.dylib
0x00007fff2a6a6000 	/usr/lib/libfakelink.dylib
0x00007fff226b2000 	/usr/lib/libicucore.A.dylib
0x00007fff2a6aa000 	/System/Library/PrivateFrameworks/SoftLinking.framework/Versions/A/SoftLinking
0x00007fff2a6ab000 	/usr/lib/libpcap.A.dylib
0x00007fff2640c000 	/usr/lib/libdns_services.dylib
0x00007fff22c82000 	/System/Library/Frameworks/IOKit.framework/Versions/A/IOKit
0x00007fff2482a000 	/System/Library/Frameworks/CFNetwork.framework/Versions/A/CFNetwork
0x00007fff2a5dc000 	/usr/lib/libz.1.dylib
0x00007fff2ad48000 	/usr/lib/libcoretls_cfhelpers.dylib
0x00007fff2235a000 	/System/Library/Frameworks/Security.framework/Versions/A/Security
0x00007fff2a8e5000 	/usr/lib/libapple_nghttp2.dylib
0x00007fff265d7000 	/usr/lib/libDiagnosticMessagesClient.dylib
0x00007fff24cd8000 	/usr/lib/libenergytrace.dylib
0x00007fff2a63e000 	/usr/lib/system/libkxld.dylib
0x00007fff26085000 	/usr/lib/libsqlite3.dylib
0x00007fff212f2000 	/System/Library/Frameworks/Foundation.framework/Versions/C/Foundation
0x00007fff24cd9000 	/usr/lib/libMobileGestalt.dylib
0x00007fff2a3be000 	/System/Library/PrivateFrameworks/AppleFSCompression.framework/Versions/A/AppleFSCompression
0x00007fff29e3f000 	/usr/lib/libcoretls.dylib
0x00007fff2a916000 	/usr/lib/libpam.2.dylib
0x00007fff2ae46000 	/usr/lib/libxar.1.dylib
0x00007fff272ef000 	/System/Library/PrivateFrameworks/CoreAutoLayout.framework/Versions/A/CoreAutoLayout
0x00007fff2a91b000 	/usr/lib/libcompression.dylib
0x00007fff266c2000 	/System/Library/Frameworks/DiskArbitration.framework/Versions/A/DiskArbitration
0x00007fff2a7e6000 	/usr/lib/libarchive.2.dylib
0x00007fff27337000 	/usr/lib/libxml2.2.dylib
0x00007fff30042000 	/System/Library/Frameworks/CoreServices.framework/Versions/A/CoreServices
0x00007fff29145000 	/usr/lib/liblangid.dylib
0x00007fff21084000 	/usr/lib/libCRFSuite.dylib
0x00007fff2ad2f000 	/usr/lib/liblzma.5.dylib
0x00007fff2a3ce000 	/usr/lib/libbz2.1.0.dylib
0x00007fff2a6e3000 	/usr/lib/libiconv.2.dylib
0x00007fff2a637000 	/usr/lib/libcharset.1.dylib
0x00007fff272ba000 	/System/Library/Frameworks/CoreServices.framework/Versions/A/Frameworks/FSEvents.framework/Versions/A/FSEvents
0x00007fff2291c000 	/System/Library/Frameworks/CoreServices.framework/Versions/A/Frameworks/CarbonCore.framework/Versions/A/CarbonCore
0x00007fff26627000 	/System/Library/Frameworks/CoreServices.framework/Versions/A/Frameworks/Metadata.framework/Versions/A/Metadata
0x00007fff2a3e0000 	/System/Library/Frameworks/CoreServices.framework/Versions/A/Frameworks/OSServices.framework/Versions/A/OSServices
0x00007fff2a858000 	/System/Library/Frameworks/CoreServices.framework/Versions/A/Frameworks/SearchKit.framework/Versions/A/SearchKit
0x00007fff26397000 	/System/Library/Frameworks/CoreServices.framework/Versions/A/Frameworks/AE.framework/Versions/A/AE
0x00007fff209e1000 	/System/Library/Frameworks/CoreServices.framework/Versions/A/Frameworks/LaunchServices.framework/Versions/A/LaunchServices
0x00007fff2acdf000 	/System/Library/Frameworks/CoreServices.framework/Versions/A/Frameworks/DictionaryServices.framework/Versions/A/DictionaryServices
0x00007fff272c7000 	/System/Library/Frameworks/CoreServices.framework/Versions/A/Frameworks/SharedFileList.framework/Versions/A/SharedFileList
0x00007fff29e33000 	/usr/lib/libCheckFix.dylib
0x00007fff24d4d000 	/System/Library/PrivateFrameworks/TCC.framework/Versions/A/TCC
0x00007fff29147000 	/System/Library/PrivateFrameworks/CoreNLP.framework/Versions/A/CoreNLP
0x00007fff265da000 	/System/Library/PrivateFrameworks/MetadataUtilities.framework/Versions/A/MetadataUtilities
0x00007fff210b9000 	/usr/lib/libmecabra.dylib
0x00007fff2a13d000 	/System/Library/Frameworks/MLCompute.framework/Versions/A/MLCompute
0x00007fff301fe000 	/System/Library/Frameworks/Accelerate.framework/Versions/A/Accelerate
0x00007fff29e68000 	/usr/lib/libmecab.dylib
0x00007fff29eb2000 	/usr/lib/libgermantok.dylib
0x00007fff2a8c0000 	/usr/lib/libThaiTokenizer.dylib
0x00007fff2ae81000 	/usr/lib/libChineseTokenizer.dylib
0x00007fff2a914000 	/System/Library/Frameworks/MetalPerformanceShaders.framework/Versions/A/MetalPerformanceShaders
0x00007fff2844f000 	/System/Library/Frameworks/Metal.framework/Versions/A/Metal
0x00007fff266c9000 	/System/Library/Frameworks/Accelerate.framework/Versions/A/Frameworks/vImage.framework/Versions/A/vImage
0x00007fff3001c000 	/System/Library/Frameworks/Accelerate.framework/Versions/A/Frameworks/vecLib.framework/Versions/A/vecLib
0x00007fff2ae8c000 	/System/Library/Frameworks/Accelerate.framework/Versions/A/Frameworks/vecLib.framework/Versions/A/libvMisc.dylib
0x00007fff2989c000 	/System/Library/Frameworks/Accelerate.framework/Versions/A/Frameworks/vecLib.framework/Versions/A/libvDSP.dylib
0x00007fff20cec000 	/System/Library/Frameworks/Accelerate.framework/Versions/A/Frameworks/vecLib.framework/Versions/A/libBLAS.dylib
0x00007fff2a941000 	/System/Library/Frameworks/Accelerate.framework/Versions/A/Frameworks/vecLib.framework/Versions/A/libLAPACK.dylib
0x00007fff29eb8000 	/System/Library/Frameworks/Accelerate.framework/Versions/A/Frameworks/vecLib.framework/Versions/A/libLinearAlgebra.dylib
0x00007fff2a8fd000 	/System/Library/Frameworks/Accelerate.framework/Versions/A/Frameworks/vecLib.framework/Versions/A/libSparseBLAS.dylib
0x00007fff2a93b000 	/System/Library/Frameworks/Accelerate.framework/Versions/A/Frameworks/vecLib.framework/Versions/A/libQuadrature.dylib
0x00007fff291f3000 	/System/Library/Frameworks/Accelerate.framework/Versions/A/Frameworks/vecLib.framework/Versions/A/libBNNS.dylib
0x00007fff20f97000 	/System/Library/Frameworks/Accelerate.framework/Versions/A/Frameworks/vecLib.framework/Versions/A/libSparse.dylib
0x00007fff290cf000 	/System/Library/Frameworks/MetalPerformanceShaders.framework/Versions/A/Frameworks/MPSCore.framework/Versions/A/MPSCore
0x00007fff2a32d000 	/System/Library/Frameworks/MetalPerformanceShaders.framework/Versions/A/Frameworks/MPSImage.framework/Versions/A/MPSImage
0x00007fff29ece000 	/System/Library/Frameworks/MetalPerformanceShaders.framework/Versions/A/Frameworks/MPSNeuralNetwork.framework/Versions/A/MPSNeuralNetwork
0x00007fff2a29f000 	/System/Library/Frameworks/MetalPerformanceShaders.framework/Versions/A/Frameworks/MPSMatrix.framework/Versions/A/MPSMatrix
0x00007fff2a0ed000 	/System/Library/Frameworks/MetalPerformanceShaders.framework/Versions/A/Frameworks/MPSRayIntersector.framework/Versions/A/MPSRayIntersector
0x00007fff2a2d6000 	/System/Library/Frameworks/MetalPerformanceShaders.framework/Versions/A/Frameworks/MPSNDArray.framework/Versions/A/MPSNDArray
0x00007fff20c17000 	/System/Library/PrivateFrameworks/MetalTools.framework/Versions/A/MetalTools
0x00007fff28433000 	/System/Library/Frameworks/IOSurface.framework/Versions/A/IOSurface
0x00007fff2913f000 	/System/Library/PrivateFrameworks/AggregateDictionary.framework/Versions/A/AggregateDictionary
0x00007fff265a7000 	/System/Library/PrivateFrameworks/CoreAnalytics.framework/Versions/A/CoreAnalytics
0x00007fff2a8c2000 	/System/Library/PrivateFrameworks/AppleSauce.framework/Versions/A/AppleSauce
0x00007fff28445000 	/System/Library/PrivateFrameworks/IOAccelerator.framework/Versions/A/IOAccelerator
0x00007fff6bba1000 	/System/Library/Frameworks/OpenGL.framework/Versions/A/Libraries/libCoreFSCache.dylib
0x00007fff29141000 	/System/Library/PrivateFrameworks/AppleSystemInfo.framework/Versions/A/AppleSystemInfo
0x00007fff29a81000 	/System/Library/PrivateFrameworks/IOMobileFramebuffer.framework/Versions/A/IOMobileFramebuffer
0x00007fff21651000 	/System/Library/PrivateFrameworks/LanguageModeling.framework/Versions/A/LanguageModeling
0x00007fff29a6f000 	/System/Library/PrivateFrameworks/CoreEmoji.framework/Versions/A/CoreEmoji
0x00007fff291ec000 	/System/Library/PrivateFrameworks/LinguisticData.framework/Versions/A/LinguisticData
0x00007fff20f49000 	/System/Library/PrivateFrameworks/Lexicon.framework/Versions/A/Lexicon
0x00007fff2a7d4000 	/usr/lib/libcmph.dylib
0x00007fff2729a000 	/System/Library/Frameworks/OpenDirectory.framework/Versions/A/Frameworks/CFOpenDirectory.framework/Versions/A/CFOpenDirectory
0x00007fff2728a000 	/System/Library/Frameworks/OpenDirectory.framework/Versions/A/OpenDirectory
0x00007fff2ad4a000 	/System/Library/PrivateFrameworks/APFS.framework/Versions/A/APFS
0x00007fff29d95000 	/System/Library/Frameworks/SecurityFoundation.framework/Versions/A/SecurityFoundation
0x00007fff2ae54000 	/usr/lib/libutil.dylib
0x00007fff272ec000 	/usr/lib/libapp_launch_measurement.dylib
0x00007fff22c47000 	/System/Library/PrivateFrameworks/CoreServicesStore.framework/Versions/A/CoreServicesStore
0x00007fff29e2b000 	/System/Library/Frameworks/ServiceManagement.framework/Versions/A/ServiceManagement
0x00007fff2ae58000 	/usr/lib/libxslt.1.dylib
0x00007fff29e21000 	/System/Library/PrivateFrameworks/BackgroundTaskManagement.framework/Versions/A/BackgroundTaskManagement
0x00007fff5cfb8000 	/System/Library/CoreServices/Encodings/libKoreanConverter.dylib
0x0000000101dad000 	/Users/gimdonghyeon/opt/anaconda3/lib/python3.8/lib-dynload/_pickle.cpython-38-darwin.so
0x0000000101dd0000 	/Users/gimdonghyeon/opt/anaconda3/lib/python3.8/site-packages/_jpype.cpython-38-darwin.so
0x0000000101e63000 	/Users/gimdonghyeon/opt/anaconda3/lib/python3.8/lib-dynload/_queue.cpython-38-darwin.so
0x0000000101e68000 	/Users/gimdonghyeon/opt/anaconda3/lib/python3.8/lib-dynload/_ctypes.cpython-38-darwin.so
0x0000000101e8c000 	/Users/gimdonghyeon/opt/anaconda3/lib/libffi.7.dylib
0x0000000101e96000 	/Users/gimdonghyeon/opt/anaconda3/lib/python3.8/site-packages/brotli/_brotli.abi3.so
0x0000000101f56000 	/Users/gimdonghyeon/opt/anaconda3/lib/python3.8/site-packages/_cffi_backend.cpython-38-darwin.so
0x0000000101f82000 	/Users/gimdonghyeon/opt/anaconda3/lib/python3.8/lib-dynload/unicodedata.cpython-38-darwin.so
0x000000010208c000 	/Users/gimdonghyeon/opt/anaconda3/lib/python3.8/lib-dynload/fcntl.cpython-38-darwin.so
0x0000000102092000 	/Users/gimdonghyeon/opt/anaconda3/lib/python3.8/lib-dynload/_elementtree.cpython-38-darwin.so
0x00000001020a8000 	/Users/gimdonghyeon/opt/anaconda3/lib/python3.8/lib-dynload/pyexpat.cpython-38-darwin.so
0x00000001020e4000 	/Users/gimdonghyeon/opt/anaconda3/lib/python3.8/site-packages/lxml/etree.cpython-38-darwin.so
0x00000001022e8000 	/Users/gimdonghyeon/opt/anaconda3/lib/libxslt.1.dylib
0x0000000102321000 	/Users/gimdonghyeon/opt/anaconda3/lib/libexslt.0.dylib
0x0000000102335000 	/Users/gimdonghyeon/opt/anaconda3/lib/libxml2.2.dylib
0x0000000102492000 	/Users/gimdonghyeon/opt/anaconda3/lib/libicuuc.58.2.dylib
0x0000000102637000 	/Users/gimdonghyeon/opt/anaconda3/lib/libiconv.2.dylib
0x0000000102721000 	/Users/gimdonghyeon/opt/anaconda3/lib/libicudata.58.2.dylib
0x0000000104023000 	/Users/gimdonghyeon/opt/anaconda3/lib/libc++.1.0.dylib
0x00000001040f1000 	/Users/gimdonghyeon/opt/anaconda3/lib/python3.8/site-packages/lxml/_elementpath.cpython-38-darwin.so
0x000000010411f000 	/Users/gimdonghyeon/opt/anaconda3/lib/python3.8/site-packages/_MeCab.cpython-38-darwin.so
0x0000000104143000 	/usr/local/lib/libmecab.2.dylib
0x00000001042f3000 	/Library/Java/JavaVirtualMachines/jdk-16.0.1.jdk/Contents/Home/lib/libjli.dylib
0x00007fff35015000 	/System/Library/Frameworks/Cocoa.framework/Versions/A/Cocoa
0x00007fff3321d000 	/System/Library/Frameworks/ApplicationServices.framework/Versions/A/ApplicationServices
0x00007fff22d8b000 	/System/Library/Frameworks/AppKit.framework/Versions/C/AppKit
0x00007fff25c4f000 	/System/Library/Frameworks/CoreData.framework/Versions/A/CoreData
0x00007fff23ad7000 	/System/Library/PrivateFrameworks/UIFoundation.framework/Versions/A/UIFoundation
0x00007fff2fcd7000 	/System/Library/PrivateFrameworks/RemoteViewServices.framework/Versions/A/RemoteViewServices
0x00007fff28ae8000 	/System/Library/PrivateFrameworks/XCTTargetBootstrap.framework/Versions/A/XCTTargetBootstrap
0x00007fff2b7cd000 	/usr/lib/libspindump.dylib
0x00007fff23d26000 	/System/Library/Frameworks/UniformTypeIdentifiers.framework/Versions/A/UniformTypeIdentifiers
0x00007fff28aec000 	/System/Library/PrivateFrameworks/CoreSVG.framework/Versions/A/CoreSVG
0x00007fff24d66000 	/System/Library/PrivateFrameworks/SkyLight.framework/Versions/A/SkyLight
0x00007fff250cc000 	/System/Library/Frameworks/CoreGraphics.framework/Versions/A/CoreGraphics
0x00007fff2b20b000 	/System/Library/PrivateFrameworks/IconServices.framework/Versions/A/IconServices
0x00007fff28ad4000 	/System/Library/PrivateFrameworks/DFRFoundation.framework/Versions/A/DFRFoundation
0x00007fff2cd16000 	/System/Library/Frameworks/AudioToolbox.framework/Versions/A/AudioToolbox
0x00007fff2bf9e000 	/System/Library/PrivateFrameworks/DataDetectorsCore.framework/Versions/A/DataDetectorsCore
0x00007fff287d8000 	/System/Library/Frameworks/Carbon.framework/Versions/A/Frameworks/HIToolbox.framework/Versions/A/HIToolbox
0x00007fff26d31000 	/System/Library/Frameworks/QuartzCore.framework/Versions/A/QuartzCore
0x00007fff2fd0f000 	/System/Library/Frameworks/Carbon.framework/Versions/A/Frameworks/SpeechRecognition.framework/Versions/A/SpeechRecognition
0x00007fff27051000 	/System/Library/PrivateFrameworks/CoreUI.framework/Versions/A/CoreUI
0x00007fff21cc8000 	/System/Library/Frameworks/CoreAudio.framework/Versions/A/CoreAudio
0x00007fff2bb9b000 	/System/Library/PrivateFrameworks/MultitouchSupport.framework/Versions/A/MultitouchSupport
0x00007fff2bf95000 	/System/Library/PrivateFrameworks/InternationalSupport.framework/Versions/A/InternationalSupport
0x00007fff2727e000 	/System/Library/PrivateFrameworks/PerformanceAnalysis.framework/Versions/A/PerformanceAnalysis
0x00007fff6bbad000 	/System/Library/Frameworks/OpenGL.framework/Versions/A/OpenGL
0x00007fff2c019000 	/System/Library/PrivateFrameworks/UserActivity.framework/Versions/A/UserActivity
0x00007fff25756000 	/System/Library/Frameworks/ColorSync.framework/Versions/A/ColorSync
0x00007fff28d53000 	/System/Library/Frameworks/CoreImage.framework/Versions/A/CoreImage
0x00007fff21ae2000 	/System/Library/Frameworks/CoreText.framework/Versions/A/CoreText
0x00007fff28b16000 	/System/Library/Frameworks/ImageIO.framework/Versions/A/ImageIO
0x00007fff2bec7000 	/System/Library/PrivateFrameworks/TextureIO.framework/Versions/A/TextureIO
0x00007fff2af4a000 	/usr/lib/libate.dylib
0x00007fff2be11000 	/System/Library/Frameworks/ImageIO.framework/Versions/A/Resources/libRadiance.dylib
0x00007fff2be1b000 	/System/Library/Frameworks/ImageIO.framework/Versions/A/Resources/libJPEG.dylib
0x00007fff2bd65000 	/System/Library/Frameworks/ImageIO.framework/Versions/A/Resources/libPng.dylib
0x00007fff2bd8c000 	/System/Library/Frameworks/ImageIO.framework/Versions/A/Resources/libTIFF.dylib
0x00007fff2be70000 	/System/Library/Frameworks/ImageIO.framework/Versions/A/Resources/libGIF.dylib
0x00007fff2bab7000 	/System/Library/Frameworks/ImageIO.framework/Versions/A/Resources/libJP2.dylib
0x00007fff2b1d3000 	/usr/lib/libexpat.1.dylib
0x00007fff2ba6d000 	/System/Library/PrivateFrameworks/AppleJPEG.framework/Versions/A/AppleJPEG
0x00007fff2867b000 	/System/Library/PrivateFrameworks/FontServices.framework/libFontParser.dylib
0x00007fff2634e000 	/System/Library/PrivateFrameworks/RunningBoardServices.framework/Versions/A/RunningBoardServices
0x00007fff2bb97000 	/System/Library/PrivateFrameworks/WatchdogClient.framework/Versions/A/WatchdogClient
0x00007fff2173a000 	/System/Library/Frameworks/CoreDisplay.framework/Versions/A/CoreDisplay
0x00007fff28590000 	/System/Library/Frameworks/CoreMedia.framework/Versions/A/CoreMedia
0x00007fff2741a000 	/System/Library/Frameworks/CoreVideo.framework/Versions/A/CoreVideo
0x00007fff2bbd2000 	/System/Library/Frameworks/VideoToolbox.framework/Versions/A/VideoToolbox
0x00007fff262ce000 	/System/Library/PrivateFrameworks/BaseBoard.framework/Versions/A/BaseBoard
0x00007fff2b317000 	/System/Library/PrivateFrameworks/PersistentConnection.framework/Versions/A/PersistentConnection
0x00007fff2606f000 	/System/Library/PrivateFrameworks/ProtocolBuffer.framework/Versions/A/ProtocolBuffer
0x00007fff262b6000 	/System/Library/PrivateFrameworks/CommonUtilities.framework/Versions/A/CommonUtilities
0x00007fff2ba30000 	/System/Library/PrivateFrameworks/Bom.framework/Versions/A/Bom
0x00007fff2be09000 	/System/Library/PrivateFrameworks/GPUWrangler.framework/Versions/A/GPUWrangler
0x00007fff2bdec000 	/System/Library/PrivateFrameworks/IOPresentment.framework/Versions/A/IOPresentment
0x00007fff2be15000 	/System/Library/PrivateFrameworks/DSExternalDisplay.framework/Versions/A/DSExternalDisplay
0x00007fff2be75000 	/System/Library/PrivateFrameworks/CMCaptureCore.framework/Versions/A/CMCaptureCore
0x00007fff2b7b3000 	/System/Library/PrivateFrameworks/AppServerSupport.framework/Versions/A/AppServerSupport
0x00007fff2d850000 	/System/Library/PrivateFrameworks/perfdata.framework/Versions/A/perfdata
0x00007fff29d84000 	/System/Library/PrivateFrameworks/AssertionServices.framework/Versions/A/AssertionServices
0x00007fff21871000 	/System/Library/PrivateFrameworks/AudioToolboxCore.framework/Versions/A/AudioToolboxCore
0x00007fff28573000 	/System/Library/PrivateFrameworks/caulk.framework/Versions/A/caulk
0x00007fff3ccfc000 	/System/Library/PrivateFrameworks/SystemPolicy.framework/Versions/A/SystemPolicy
0x00007fff2afe2000 	/usr/lib/libIOReport.dylib
0x00007fff2d08c000 	/usr/lib/libSMC.dylib
0x00007fff2bd31000 	/usr/lib/libAudioToolboxUtility.dylib
0x00007fff3d659000 	/usr/lib/libmis.dylib
0x00007fff6bbfd000 	/System/Library/Frameworks/OpenGL.framework/Versions/A/Libraries/libGLU.dylib
0x00007fff6bbc0000 	/System/Library/Frameworks/OpenGL.framework/Versions/A/Libraries/libGFXShared.dylib
0x00007fff6bdce000 	/System/Library/Frameworks/OpenGL.framework/Versions/A/Libraries/libGL.dylib
0x00007fff6bbc9000 	/System/Library/Frameworks/OpenGL.framework/Versions/A/Libraries/libGLImage.dylib
0x00007fff6bbbd000 	/System/Library/Frameworks/OpenGL.framework/Versions/A/Libraries/libCVMSPluginSupport.dylib
0x00007fff6bba8000 	/System/Library/Frameworks/OpenGL.framework/Versions/A/Libraries/libCoreVMClient.dylib
0x00007fff6d218000 	/System/Library/Frameworks/OpenCL.framework/Versions/A/OpenCL
0x00007fff2b340000 	/System/Library/PrivateFrameworks/GraphVisualizer.framework/Versions/A/GraphVisualizer
0x00007fff2b34f000 	/System/Library/PrivateFrameworks/FaceCore.framework/Versions/A/FaceCore
0x00007fff2b76b000 	/System/Library/PrivateFrameworks/OTSVG.framework/Versions/A/OTSVG
0x00007fff2700f000 	/System/Library/Frameworks/ApplicationServices.framework/Versions/A/Frameworks/ATS.framework/Versions/A/Resources/libFontRegistry.dylib
0x00007fff2b7ba000 	/System/Library/PrivateFrameworks/FontServices.framework/libhvf.dylib
0x00007fff2b17f000 	/System/Library/PrivateFrameworks/AppleVA.framework/Versions/A/AppleVA
0x00007fff2ced4000 	/System/Library/Frameworks/ApplicationServices.framework/Versions/A/Frameworks/ATS.framework/Versions/A/ATS
0x00007fff2d1e7000 	/System/Library/Frameworks/ApplicationServices.framework/Versions/A/Frameworks/ColorSyncLegacy.framework/Versions/A/ColorSyncLegacy
0x00007fff2584d000 	/System/Library/Frameworks/ApplicationServices.framework/Versions/A/Frameworks/HIServices.framework/Versions/A/HIServices
0x00007fff2d1cc000 	/System/Library/Frameworks/ApplicationServices.framework/Versions/A/Frameworks/LangAnalysis.framework/Versions/A/LangAnalysis
0x00007fff2be7f000 	/System/Library/Frameworks/ApplicationServices.framework/Versions/A/Frameworks/PrintCore.framework/Versions/A/PrintCore
0x00007fff2d1ef000 	/System/Library/Frameworks/ApplicationServices.framework/Versions/A/Frameworks/QD.framework/Versions/A/QD
0x00007fff2cec4000 	/System/Library/Frameworks/ApplicationServices.framework/Versions/A/Frameworks/SpeechSynthesis.framework/Versions/A/SpeechSynthesis
0x00007fff2be40000 	/System/Library/Frameworks/ApplicationServices.framework/Versions/A/Frameworks/ATSUI.framework/Versions/A/ATSUI
0x00007fff2d16c000 	/usr/lib/libcups.2.dylib
0x00007fff2d1dc000 	/System/Library/PrivateFrameworks/NetAuth.framework/Versions/A/NetAuth
0x00007fff2d86b000 	/System/Library/Frameworks/Kerberos.framework/Versions/A/Kerberos
0x00007fff2d87b000 	/System/Library/Frameworks/GSS.framework/Versions/A/GSS
0x00007fff2cf41000 	/usr/lib/libresolv.9.dylib
0x00007fff2b7d0000 	/System/Library/PrivateFrameworks/Heimdal.framework/Versions/A/Heimdal
0x00007fff33532000 	/System/Library/Frameworks/Kerberos.framework/Versions/A/Libraries/libHeimdalProxy.dylib
0x00007fff2641b000 	/System/Library/Frameworks/Network.framework/Versions/A/Network
0x00007fff2b1ec000 	/usr/lib/libheimdal-asn1.dylib
0x00007fff2d8cc000 	/System/Library/PrivateFrameworks/CommonAuth.framework/Versions/A/CommonAuth
0x00007fff27468000 	/System/Library/PrivateFrameworks/login.framework/Versions/A/Frameworks/loginsupport.framework/Versions/A/loginsupport
0x00007fff2ce4b000 	/System/Library/PrivateFrameworks/AudioSession.framework/Versions/A/AudioSession
0x00007fff2ceb1000 	/usr/lib/libAudioStatistics.dylib
0x00007fff2b278000 	/System/Library/PrivateFrameworks/MediaExperience.framework/Versions/A/MediaExperience
0x00007fff2cce4000 	/System/Library/PrivateFrameworks/AudioSession.framework/libSessionUtility.dylib
0x00007fff2d85c000 	/usr/lib/libperfcheck.dylib
0x00007fff2d1fb000 	/System/Library/PrivateFrameworks/AudioResourceArbitration.framework/Versions/A/AudioResourceArbitration
0x00007fff2b1f6000 	/System/Library/PrivateFrameworks/IconFoundation.framework/Versions/A/IconFoundation
0x00007fff2fcff000 	/System/Library/PrivateFrameworks/SpeechRecognitionCore.framework/Versions/A/SpeechRecognitionCore
0x0000000104308000 	/Library/Java/JavaVirtualMachines/jdk-16.0.1.jdk/Contents/Home/lib/server/libjvm.dylib
0x000000010537b000 	/Library/Java/JavaVirtualMachines/jdk-16.0.1.jdk/Contents/Home/lib/libjimage.dylib
0x0000000105391000 	/Library/Java/JavaVirtualMachines/jdk-16.0.1.jdk/Contents/Home/lib/libjava.dylib
0x00000001053fd000 	/Library/Java/JavaVirtualMachines/jdk-16.0.1.jdk/Contents/Home/lib/libnio.dylib
0x0000000105411000 	/Library/Java/JavaVirtualMachines/jdk-16.0.1.jdk/Contents/Home/lib/libnet.dylib
0x000000012035b000 	/Library/Java/JavaVirtualMachines/jdk-16.0.1.jdk/Contents/Home/lib/libzip.dylib
0x0000000120369000 	/Users/gimdonghyeon/opt/anaconda3/lib/python3.8/lib-dynload/array.cpython-38-darwin.so
0x000000010542c000 	/Users/gimdonghyeon/opt/anaconda3/lib/python3.8/site-packages/mkl/_mklinit.cpython-38-darwin.so
0x0000000124ef0000 	/Users/gimdonghyeon/opt/anaconda3/lib/libmkl_rt.dylib
0x0000000120379000 	/Users/gimdonghyeon/opt/anaconda3/lib/python3.8/site-packages/mkl/_py_mkl_service.cpython-38-darwin.so
0x00000001258d7000 	/Users/gimdonghyeon/opt/anaconda3/lib/python3.8/site-packages/numpy/core/_multiarray_umath.cpython-38-darwin.so
0x0000000120394000 	/Users/gimdonghyeon/opt/anaconda3/lib/python3.8/site-packages/numpy/core/_multiarray_tests.cpython-38-darwin.so
0x0000000105430000 	/Users/gimdonghyeon/opt/anaconda3/lib/python3.8/site-packages/numpy/linalg/lapack_lite.cpython-38-darwin.so
0x00000001203ac000 	/Users/gimdonghyeon/opt/anaconda3/lib/python3.8/site-packages/numpy/linalg/_umath_linalg.cpython-38-darwin.so
0x00000001203d0000 	/Users/gimdonghyeon/opt/anaconda3/lib/python3.8/site-packages/numpy/fft/_pocketfft_internal.cpython-38-darwin.so
0x0000000120c00000 	/Users/gimdonghyeon/opt/anaconda3/lib/python3.8/site-packages/numpy/random/mtrand.cpython-38-darwin.so
0x0000000120ca1000 	/Users/gimdonghyeon/opt/anaconda3/lib/python3.8/site-packages/numpy/random/bit_generator.cpython-38-darwin.so
0x0000000120ccf000 	/Users/gimdonghyeon/opt/anaconda3/lib/python3.8/site-packages/numpy/random/_common.cpython-38-darwin.so
0x0000000120d0b000 	/Users/gimdonghyeon/opt/anaconda3/lib/python3.8/site-packages/numpy/random/_bounded_integers.cpython-38-darwin.so
0x00000001203e3000 	/Users/gimdonghyeon/opt/anaconda3/lib/python3.8/site-packages/numpy/random/_mt19937.cpython-38-darwin.so
0x0000000120d5f000 	/Users/gimdonghyeon/opt/anaconda3/lib/python3.8/site-packages/numpy/random/_philox.cpython-38-darwin.so
0x0000000120d72000 	/Users/gimdonghyeon/opt/anaconda3/lib/python3.8/site-packages/numpy/random/_pcg64.cpython-38-darwin.so
0x0000000120d83000 	/Users/gimdonghyeon/opt/anaconda3/lib/python3.8/site-packages/numpy/random/_sfc64.cpython-38-darwin.so
0x0000000120d90000 	/Users/gimdonghyeon/opt/anaconda3/lib/python3.8/site-packages/numpy/random/_generator.cpython-38-darwin.so
0x0000000125ce6000 	/Users/gimdonghyeon/opt/anaconda3/lib/libmkl_core.dylib
0x0000000120e47000 	/Users/gimdonghyeon/opt/anaconda3/lib/libomp.dylib
0x0000000129ec2000 	/Users/gimdonghyeon/opt/anaconda3/lib/libmkl_intel_thread.dylib
0x000000012cb84000 	/Users/gimdonghyeon/opt/anaconda3/lib/libmkl_intel_lp64.dylib
0x000000012e0a2000 	/Users/gimdonghyeon/opt/anaconda3/lib/libmkl_avx2.dylib
0x00000001316d4000 	/Users/gimdonghyeon/opt/anaconda3/lib/libmkl_vml_avx2.dylib
0x0000000120eea000 	/Users/gimdonghyeon/opt/anaconda3/lib/python3.8/site-packages/scipy/_lib/_ccallback_c.cpython-38-darwin.so
0x0000000120efe000 	/Users/gimdonghyeon/opt/anaconda3/lib/python3.8/site-packages/scipy/_lib/_uarray/_uarray.cpython-38-darwin.so
0x00000001322ad000 	/Users/gimdonghyeon/opt/anaconda3/lib/python3.8/site-packages/scipy/fft/_pocketfft/pypocketfft.cpython-38-darwin.so
0x00000001323ad000 	/Users/gimdonghyeon/opt/anaconda3/lib/python3.8/site-packages/scipy/sparse/_sparsetools.cpython-38-darwin.so
0x0000000120f0b000 	/Users/gimdonghyeon/opt/anaconda3/lib/python3.8/site-packages/scipy/sparse/_csparsetools.cpython-38-darwin.so
0x0000000120f92000 	/Users/gimdonghyeon/opt/anaconda3/lib/python3.8/site-packages/scipy/sparse/csgraph/_shortest_path.cpython-38-darwin.so
0x00000001327b0000 	/Users/gimdonghyeon/opt/anaconda3/lib/python3.8/site-packages/scipy/sparse/csgraph/_tools.cpython-38-darwin.so
0x00000001327d8000 	/Users/gimdonghyeon/opt/anaconda3/lib/python3.8/site-packages/scipy/sparse/csgraph/_traversal.cpython-38-darwin.so
0x00000001327fb000 	/Users/gimdonghyeon/opt/anaconda3/lib/python3.8/site-packages/scipy/sparse/csgraph/_min_spanning_tree.cpython-38-darwin.so
0x0000000132823000 	/Users/gimdonghyeon/opt/anaconda3/lib/python3.8/site-packages/scipy/sparse/csgraph/_flow.cpython-38-darwin.so
0x0000000132859000 	/Users/gimdonghyeon/opt/anaconda3/lib/python3.8/site-packages/scipy/sparse/csgraph/_matching.cpython-38-darwin.so
0x0000000132884000 	/Users/gimdonghyeon/opt/anaconda3/lib/python3.8/site-packages/scipy/sparse/csgraph/_reordering.cpython-38-darwin.so
0x00000001203f9000 	/Users/gimdonghyeon/opt/anaconda3/lib/python3.8/lib-dynload/_multiprocessing.cpython-38-darwin.so
0x00000001328bd000 	/Users/gimdonghyeon/opt/anaconda3/lib/python3.8/site-packages/scipy/spatial/ckdtree.cpython-38-darwin.so
0x0000000132966000 	/Users/gimdonghyeon/opt/anaconda3/lib/python3.8/site-packages/scipy/spatial/qhull.cpython-38-darwin.so
0x0000000132a5f000 	/Users/gimdonghyeon/opt/anaconda3/lib/python3.8/site-packages/scipy/_lib/messagestream.cpython-38-darwin.so
0x0000000132a69000 	/Users/gimdonghyeon/opt/anaconda3/lib/python3.8/site-packages/scipy/spatial/_voronoi.cpython-38-darwin.so
0x0000000132a8c000 	/Users/gimdonghyeon/opt/anaconda3/lib/python3.8/site-packages/scipy/linalg/_fblas.cpython-38-darwin.so
0x0000000132b13000 	/Users/gimdonghyeon/opt/anaconda3/lib/python3.8/site-packages/scipy/linalg/_flapack.cpython-38-darwin.so
0x0000000132cbb000 	/Users/gimdonghyeon/opt/anaconda3/lib/python3.8/site-packages/scipy/linalg/_flinalg.cpython-38-darwin.so
0x0000000132cce000 	/Users/gimdonghyeon/opt/anaconda3/lib/python3.8/site-packages/scipy/linalg/_solve_toeplitz.cpython-38-darwin.so
0x0000000132cff000 	/Users/gimdonghyeon/opt/anaconda3/lib/python3.8/site-packages/scipy/linalg/_decomp_update.cpython-38-darwin.so
0x0000000132d42000 	/Users/gimdonghyeon/opt/anaconda3/lib/python3.8/site-packages/scipy/linalg/cython_blas.cpython-38-darwin.so
0x0000000132d76000 	/Users/gimdonghyeon/opt/anaconda3/lib/python3.8/site-packages/scipy/linalg/cython_lapack.cpython-38-darwin.so
0x0000000132e14000 	/Users/gimdonghyeon/opt/anaconda3/lib/python3.8/site-packages/scipy/spatial/_distance_wrap.cpython-38-darwin.so
0x0000000132e25000 	/Users/gimdonghyeon/opt/anaconda3/lib/python3.8/site-packages/scipy/spatial/_hausdorff.cpython-38-darwin.so
0x0000000132e49000 	/Users/gimdonghyeon/opt/anaconda3/lib/python3.8/site-packages/scipy/special/_ufuncs.cpython-38-darwin.so
0x0000000133001000 	/Users/gimdonghyeon/opt/anaconda3/lib/libgfortran.3.dylib
0x000000013312c000 	/Users/gimdonghyeon/opt/anaconda3/lib/libquadmath.0.dylib
0x0000000133164000 	/Users/gimdonghyeon/opt/anaconda3/lib/libgcc_s.1.dylib
0x0000000133183000 	/Users/gimdonghyeon/opt/anaconda3/lib/python3.8/site-packages/scipy/special/_ufuncs_cxx.cpython-38-darwin.so
0x00000001331a0000 	/Users/gimdonghyeon/opt/anaconda3/lib/python3.8/site-packages/scipy/special/specfun.cpython-38-darwin.so
0x0000000133260000 	/Users/gimdonghyeon/opt/anaconda3/lib/python3.8/site-packages/scipy/special/_comb.cpython-38-darwin.so
0x0000000133269000 	/Users/gimdonghyeon/opt/anaconda3/lib/python3.8/site-packages/scipy/special/_ellip_harm_2.cpython-38-darwin.so
0x000000013327d000 	/Users/gimdonghyeon/opt/anaconda3/lib/python3.8/site-packages/scipy/ndimage/_nd_image.cpython-38-darwin.so
0x000000013329d000 	/Users/gimdonghyeon/opt/anaconda3/lib/python3.8/site-packages/scipy/ndimage/_ni_label.cpython-38-darwin.so
0x00000001332e5000 	/Users/gimdonghyeon/opt/anaconda3/lib/python3.8/site-packages/scipy/optimize/minpack2.cpython-38-darwin.so
0x00000001332f0000 	/Users/gimdonghyeon/opt/anaconda3/lib/python3.8/site-packages/scipy/sparse/linalg/isolve/_iterative.cpython-38-darwin.so
0x0000000133335000 	/Users/gimdonghyeon/opt/anaconda3/lib/python3.8/site-packages/scipy/sparse/linalg/dsolve/_superlu.cpython-38-darwin.so
0x0000000133389000 	/Users/gimdonghyeon/opt/anaconda3/lib/python3.8/site-packages/scipy/sparse/linalg/eigen/arpack/_arpack.cpython-38-darwin.so
0x000000013342c000 	/Users/gimdonghyeon/opt/anaconda3/lib/python3.8/site-packages/scipy/optimize/_group_columns.cpython-38-darwin.so
0x0000000133451000 	/Users/gimdonghyeon/opt/anaconda3/lib/python3.8/site-packages/scipy/optimize/_trlib/_trlib.cpython-38-darwin.so
0x0000000120ff9000 	/Users/gimdonghyeon/opt/anaconda3/lib/python3.8/lib-dynload/_contextvars.cpython-38-darwin.so
0x0000000133494000 	/Users/gimdonghyeon/opt/anaconda3/lib/python3.8/lib-dynload/_asyncio.cpython-38-darwin.so
0x00000001334a7000 	/Users/gimdonghyeon/opt/anaconda3/lib/python3.8/site-packages/scipy/optimize/_lbfgsb.cpython-38-darwin.so
0x00000001334ca000 	/Users/gimdonghyeon/opt/anaconda3/lib/python3.8/site-packages/scipy/optimize/moduleTNC.cpython-38-darwin.so
0x00000001334d7000 	/Users/gimdonghyeon/opt/anaconda3/lib/python3.8/site-packages/scipy/optimize/_cobyla.cpython-38-darwin.so
0x00000001334f7000 	/Users/gimdonghyeon/opt/anaconda3/lib/python3.8/site-packages/scipy/optimize/_slsqp.cpython-38-darwin.so
0x000000013351a000 	/Users/gimdonghyeon/opt/anaconda3/lib/python3.8/site-packages/scipy/optimize/_minpack.cpython-38-darwin.so
0x000000013353c000 	/Users/gimdonghyeon/opt/anaconda3/lib/python3.8/site-packages/scipy/optimize/_lsq/givens_elimination.cpython-38-darwin.so
0x0000000120ffc000 	/Users/gimdonghyeon/opt/anaconda3/lib/python3.8/site-packages/scipy/optimize/_zeros.cpython-38-darwin.so
0x000000013355e000 	/Users/gimdonghyeon/opt/anaconda3/lib/python3.8/site-packages/scipy/optimize/__nnls.cpython-38-darwin.so
0x000000013356a000 	/Users/gimdonghyeon/opt/anaconda3/lib/python3.8/site-packages/scipy/optimize/_bglu_dense.cpython-38-darwin.so
0x00000001335a5000 	/Users/gimdonghyeon/opt/anaconda3/lib/python3.8/site-packages/scipy/optimize/_lsap_module.cpython-38-darwin.so
0x00000001335ab000 	/Users/gimdonghyeon/opt/anaconda3/lib/python3.8/site-packages/scipy/integrate/_odepack.cpython-38-darwin.so
0x00000001335c3000 	/Users/gimdonghyeon/opt/anaconda3/lib/python3.8/site-packages/scipy/integrate/_quadpack.cpython-38-darwin.so
0x00000001335e0000 	/Users/gimdonghyeon/opt/anaconda3/lib/python3.8/site-packages/scipy/integrate/vode.cpython-38-darwin.so
0x000000013361b000 	/Users/gimdonghyeon/opt/anaconda3/lib/python3.8/site-packages/scipy/integrate/_dop.cpython-38-darwin.so
0x0000000133646000 	/Users/gimdonghyeon/opt/anaconda3/lib/python3.8/site-packages/scipy/integrate/lsoda.cpython-38-darwin.so
0x0000000133663000 	/Users/gimdonghyeon/opt/anaconda3/lib/python3.8/site-packages/scipy/interpolate/_fitpack.cpython-38-darwin.so
0x000000013369b000 	/Users/gimdonghyeon/opt/anaconda3/lib/python3.8/site-packages/scipy/interpolate/dfitpack.cpython-38-darwin.so
0x0000000133704000 	/Users/gimdonghyeon/opt/anaconda3/lib/python3.8/site-packages/scipy/interpolate/_bspl.cpython-38-darwin.so
0x000000013373c000 	/Users/gimdonghyeon/opt/anaconda3/lib/python3.8/site-packages/scipy/interpolate/_ppoly.cpython-38-darwin.so
0x0000000133785000 	/Users/gimdonghyeon/opt/anaconda3/lib/python3.8/site-packages/scipy/interpolate/interpnd.cpython-38-darwin.so
0x00000001337d1000 	/Users/gimdonghyeon/opt/anaconda3/lib/python3.8/site-packages/scipy/stats/_stats.cpython-38-darwin.so
0x000000013384d000 	/Users/gimdonghyeon/opt/anaconda3/lib/python3.8/site-packages/scipy/special/cython_special.cpython-38-darwin.so
0x0000000133a72000 	/Users/gimdonghyeon/opt/anaconda3/lib/python3.8/site-packages/scipy/stats/statlib.cpython-38-darwin.so
0x0000000133a82000 	/Users/gimdonghyeon/opt/anaconda3/lib/python3.8/site-packages/scipy/stats/mvn.cpython-38-darwin.so
0x0000000133b90000 	/Users/gimdonghyeon/opt/anaconda3/lib/python3.8/site-packages/gensim/_matutils.cpython-38-darwin.so
0x0000000133bcd000 	/Users/gimdonghyeon/opt/anaconda3/lib/python3.8/site-packages/gensim/corpora/_mmreader.cpython-38-darwin.so
0x0000000133beb000 	/Users/gimdonghyeon/opt/anaconda3/lib/python3.8/site-packages/gensim/models/word2vec_inner.cpython-38-darwin.so
0x0000000133c0c000 	/Users/gimdonghyeon/opt/anaconda3/lib/python3.8/site-packages/gensim/models/word2vec_corpusfile.cpython-38-darwin.so
0x0000000133c42000 	/Users/gimdonghyeon/opt/anaconda3/lib/python3.8/site-packages/gensim/models/doc2vec_inner.cpython-38-darwin.so
0x0000000133c63000 	/Users/gimdonghyeon/opt/anaconda3/lib/python3.8/site-packages/gensim/models/doc2vec_corpusfile.cpython-38-darwin.so
0x0000000133c80000 	/Users/gimdonghyeon/opt/anaconda3/lib/python3.8/site-packages/gensim/models/fasttext_inner.cpython-38-darwin.so
0x0000000133c98000 	/Users/gimdonghyeon/opt/anaconda3/lib/python3.8/site-packages/gensim/models/fasttext_corpusfile.cpython-38-darwin.so
0x0000000133cad000 	/Users/gimdonghyeon/opt/anaconda3/lib/python3.8/site-packages/Levenshtein/_levenshtein.cpython-38-darwin.so
0x00007fff3d639000 	/System/Library/PrivateFrameworks/MallocStackLogging.framework/Versions/A/MallocStackLogging


VM Arguments:
jvm_args: -Dfile.encoding=UTF8 -ea -Xmx1024m 
java_command: <unknown>
java_class_path (initial): /Users/gimdonghyeon/opt/anaconda3/lib/python3.8/site-packages/konlpy/java:/Users/gimdonghyeon/opt/anaconda3/lib/python3.8/site-packages/konlpy/java/bin:/Users/gimdonghyeon/opt/anaconda3/lib/python3.8/site-packages/konlpy/java/*:/Users/gimdonghyeon/opt/anaconda3/lib/python3.8/site-packages/konlpy/java/jhannanum-0.8.4.jar:/Users/gimdonghyeon/opt/anaconda3/lib/python3.8/site-packages/konlpy/java/kkma-2.0.jar:/Users/gimdonghyeon/opt/anaconda3/lib/python3.8/site-packages/konlpy/java/aho-corasick.jar:/Users/gimdonghyeon/opt/anaconda3/lib/python3.8/site-packages/konlpy/java/shineware-common-1.0.jar:/Users/gimdonghyeon/opt/anaconda3/lib/python3.8/site-packages/konlpy/java/shineware-ds-1.0.jar:/Users/gimdonghyeon/opt/anaconda3/lib/python3.8/site-packages/konlpy/java/komoran-3.0.jar:/Users/gimdonghyeon/opt/anaconda3/lib/python3.8/site-packages/konlpy/java/snakeyaml-1.12.jar:/Users/gimdonghyeon/opt/anaconda3/lib/python3.8/site-packages/konlpy/java/scala-library-2.12.3.jar:/Users/gimdonghyeon/opt/anaconda3/lib/python3.8/site-packages/konlpy/java/open-korean-text-2.1.0.jar:/Users/gimdonghyeon/opt/anaconda3/lib/python3.8/site-packages/konlpy/java/twitter-text-1.14.7.jar:/Users/gimdonghyeon/opt/anaconda3/lib/python3.8/site-packages/konlpy/java/*
Launcher Type: generic

[Global flags]
     intx CICompilerCount                          = 3                                         {product} {ergonomic}
     uint ConcGCThreads                            = 1                                         {product} {ergonomic}
     uint G1ConcRefinementThreads                  = 4                                         {product} {ergonomic}
   size_t G1HeapRegionSize                         = 1048576                                   {product} {ergonomic}
    uintx GCDrainStackTargetSize                   = 64                                        {product} {ergonomic}
   size_t InitialHeapSize                          = 134217728                                 {product} {ergonomic}
   size_t MarkStackSize                            = 4194304                                   {product} {ergonomic}
   size_t MaxHeapSize                              = 1073741824                                {product} {command line}
   size_t MaxNewSize                               = 643825664                                 {product} {ergonomic}
   size_t MinHeapDeltaBytes                        = 1048576                                   {product} {ergonomic}
   size_t MinHeapSize                              = 8388608                                   {product} {ergonomic}
    uintx NonNMethodCodeHeapSize                   = 5832780                                {pd product} {ergonomic}
    uintx NonProfiledCodeHeapSize                  = 122912730                              {pd product} {ergonomic}
    uintx ProfiledCodeHeapSize                     = 122912730                              {pd product} {ergonomic}
    uintx ReservedCodeCacheSize                    = 251658240                              {pd product} {ergonomic}
     bool SegmentedCodeCache                       = true                                      {product} {ergonomic}
   size_t SoftMaxHeapSize                          = 1073741824                             {manageable} {ergonomic}
     bool UseCompressedClassPointers               = true                           {product lp64_product} {ergonomic}
     bool UseCompressedOops                        = true                           {product lp64_product} {ergonomic}
     bool UseG1GC                                  = true                                      {product} {ergonomic}
     bool UseNUMA                                  = false                                     {product} {ergonomic}
     bool UseNUMAInterleaving                      = false                                     {product} {ergonomic}

Logging:
Log output configuration:
 #0: 
[error occurred during error reporting (printing log configuration), id 0xb, SIGSEGV (0xb) at pc=0x0000000104a3129b]

Environment Variables:
PATH=/Users/gimdonghyeon/opt/anaconda3/bin:/Users/gimdonghyeon/opt/anaconda3/condabin:/usr/local/bin:/usr/bin:/bin:/usr/sbin:/sbin:/Applications/VMware Fusion.app/Contents/Public:/Library/TeX/texbin:/Library/Apple/usr/bin
SHELL=/bin/zsh
LANG=ko_KR.UTF-8

Signal Handlers:
SIGSEGV: [libjvm.dylib+0xa7bdc0], sa_mask[0]=11100110000111110111111111111111, sa_flags=SA_ONSTACK|SA_RESTART|SA_SIGINFO
SIGBUS: [libjvm.dylib+0xa7bdc0], sa_mask[0]=11100110000111110111111111111111, sa_flags=SA_RESTART|SA_SIGINFO
SIGFPE: [libjvm.dylib+0xa7bdc0], sa_mask[0]=11100110000111110111111111111111, sa_flags=SA_RESTART|SA_SIGINFO
SIGPIPE: [libjvm.dylib+0x945ca0], sa_mask[0]=11100110000111110111111111111111, sa_flags=SA_RESTART|SA_SIGINFO
SIGXFSZ: [libjvm.dylib+0x945ca0], sa_mask[0]=11100110000111110111111111111111, sa_flags=SA_RESTART|SA_SIGINFO
SIGILL: [libjvm.dylib+0xa7bdc0], sa_mask[0]=11100110000111110111111111111111, sa_flags=SA_RESTART|SA_SIGINFO
SIGUSR2: [libjvm.dylib+0x946750], sa_mask[0]=00000000000000000000000000000000, sa_flags=SA_RESTART|SA_SIGINFO
SIGHUP: [libjvm.dylib+0x944d10], sa_mask[0]=11100110000111110111111111111111, sa_flags=SA_RESTART|SA_SIGINFO
SIGINT: [libjvm.dylib+0x944d10], sa_mask[0]=11100110000111110111111111111111, sa_flags=SA_RESTART|SA_SIGINFO
SIGTERM: [libjvm.dylib+0x944d10], sa_mask[0]=11100110000111110111111111111111, sa_flags=SA_RESTART|SA_SIGINFO
SIGQUIT: [libjvm.dylib+0x944d10], sa_mask[0]=11100110000111110111111111111111, sa_flags=SA_RESTART|SA_SIGINFO
SIGTRAP: [libjvm.dylib+0xa7bdc0], sa_mask[0]=11100110000111110111111111111111, sa_flags=SA_RESTART|SA_SIGINFO


---------------  S Y S T E M  ---------------

OS:uname: Darwin 20.6.0 Darwin Kernel Version 20.6.0: Wed Jun 23 00:26:31 PDT 2021; root:xnu-7195.141.2~5/RELEASE_X86_64 x86_64
OS uptime: 0 days 0:50 hours
rlimit (soft/hard): STACK 8192k/65532k , CORE 0k/infinity , NPROC 1392/2088 , NOFILE 10240/infinity , AS infinity/infinity , CPU infinity/infinity , DATA infinity/infinity , FSIZE infinity/infinity , MEMLOCK infinity/infinity , RSS infinity/infinity
load average: 3.20 3.16 2.66

CPU: total 4 (initial active 4) (4 cores per cpu, 1 threads per core) family 6 model 158 stepping 11 microcode 0xea, cx8, cmov, fxsr, mmx, 3dnowpref, sse, sse2, sse3, ssse3, sse4.1, sse4.2, popcnt, lzcnt, tsc, tscinvbit, avx, avx2, aes, erms, clmul, bmi1, bmi2, adx, fma, vzeroupper, clflush, clflushopt

Memory: 4k page, physical 8388608k(549704k free), swap 14155776k(971264k free)

vm_info: Java HotSpot(TM) 64-Bit Server VM (16.0.1+9-24) for bsd-amd64 JRE (16.0.1+9-24), built on Mar 26 2021 18:20:04 by "mach5one" with clang 4.2.1 Compatible Apple LLVM 11.0.0 (clang-1100.0.33.17)

END.
